#
# There is insufficient memory for the Java Runtime Environment to continue.
# Native memory allocation (malloc) failed to allocate 1204336 bytes for Chunk::new
# Possible reasons:
#   The system is out of physical RAM or swap space
#   The process is running with CompressedOops enabled, and the Java Heap may be blocking the growth of the native heap
# Possible solutions:
#   Reduce memory load on the system
#   Increase physical memory or swap space
#   Check if swap backing store is full
#   Decrease Java heap size (-Xmx/-Xms)
#   Decrease number of Java threads
#   Decrease Java thread stack sizes (-Xss)
#   Set larger code cache with -XX:ReservedCodeCacheSize=
#   JVM is running with Zero Based Compressed Oops mode in which the Java heap is
#     placed in the first 32GB address space. The Java Heap base address is the
#     maximum limit for the native heap growth. Please use -XX:HeapBaseMinAddress
#     to set the Java Heap base and to place the Java Heap above 32GB virtual address.
# This output file may be truncated or incomplete.
#
#  Out of Memory Error (arena.cpp:189), pid=21028, tid=16936
#
# JRE version: Java(TM) SE Runtime Environment (17.0.12+8) (build 17.0.12+8-LTS-286)
# Java VM: Java HotSpot(TM) 64-Bit Server VM (17.0.12+8-LTS-286, mixed mode, sharing, tiered, compressed oops, compressed class ptrs, g1 gc, windows-amd64)
# No core dump will be written. Minidumps are not enabled by default on client versions of Windows
#

---------------  S U M M A R Y ------------

Command Line: -ea -XX:+ShowCodeDetailsInExceptionMessages -Dfile.encoding=UTF-8 org.eclipse.jdt.internal.junit.runner.RemoteTestRunner -version 3 -port 54794 -testLoaderClass org.eclipse.jdt.internal.junit5.runner.JUnit5TestLoader -loaderpluginname org.eclipse.jdt.junit5.runtime -test com.mohit.demo.hospitalManagement.InsuranceTests:testCreateAppointment

Host: 12th Gen Intel(R) Core(TM) i5-1240P, 16 cores, 15G,  Windows 11 , 64 bit Build 26100 (10.0.26100.7309)
Time: Sun Dec 28 21:12:31 2025 India Standard Time elapsed time: 6.943996 seconds (0d 0h 0m 6s)

---------------  T H R E A D  ---------------

Current thread (0x000002ad7402d380):  JavaThread "C2 CompilerThread0" daemon [_thread_in_native, id=16936, stack(0x000000d567600000,0x000000d567700000)]


Current CompileTask:
C2:   6944 5480       4       jdk.internal.org.objectweb.asm.ClassWriter::visitMethod (57 bytes)

Stack: [0x000000d567600000,0x000000d567700000]
Native frames: (J=compiled Java code, j=interpreted, Vv=VM code, C=native code)
V  [jvm.dll+0x67a04a]
V  [jvm.dll+0x7da4ed]
V  [jvm.dll+0x7dbe33]
V  [jvm.dll+0x7dc4a3]
V  [jvm.dll+0x24508f]
V  [jvm.dll+0xab773]
V  [jvm.dll+0xabd3c]
V  [jvm.dll+0x361b9f]
V  [jvm.dll+0x32c431]
V  [jvm.dll+0x32b8ca]
V  [jvm.dll+0x21683f]
V  [jvm.dll+0x215c6f]
V  [jvm.dll+0x1a2960]
V  [jvm.dll+0x22610b]
V  [jvm.dll+0x2242ab]
V  [jvm.dll+0x79075c]
V  [jvm.dll+0x78abea]
V  [jvm.dll+0x678f35]
C  [ucrtbase.dll+0x37b0]
C  [KERNEL32.DLL+0x2e8d7]
C  [ntdll.dll+0x8c53c]


---------------  P R O C E S S  ---------------

Threads class SMR info:
_java_thread_list=0x000002ad7b96d260, length=20, elements={
0x000002ad0f627290, 0x000002ad740153a0, 0x000002ad74015e70, 0x000002ad74028d00,
0x000002ad740295d0, 0x000002ad74029ea0, 0x000002ad7402a770, 0x000002ad7402d380,
0x000002ad7402e430, 0x000002ad7402ed40, 0x000002ad740e7170, 0x000002ad740f16c0,
0x000002ad741d1a90, 0x000002ad741e6d80, 0x000002ad7478f5a0, 0x000002ad7cf56c60,
0x000002ad7c2bf950, 0x000002ad7b65b040, 0x000002ad7bde2b90, 0x000002ad7a985690
}

Java Threads: ( => current thread )
  0x000002ad0f627290 JavaThread "main" [_thread_in_Java, id=16824, stack(0x000000d566900000,0x000000d566a00000)]
  0x000002ad740153a0 JavaThread "Reference Handler" daemon [_thread_blocked, id=20484, stack(0x000000d567000000,0x000000d567100000)]
  0x000002ad74015e70 JavaThread "Finalizer" daemon [_thread_blocked, id=18424, stack(0x000000d567100000,0x000000d567200000)]
  0x000002ad74028d00 JavaThread "Signal Dispatcher" daemon [_thread_blocked, id=12544, stack(0x000000d567200000,0x000000d567300000)]
  0x000002ad740295d0 JavaThread "Attach Listener" daemon [_thread_blocked, id=19756, stack(0x000000d567300000,0x000000d567400000)]
  0x000002ad74029ea0 JavaThread "Service Thread" daemon [_thread_blocked, id=4412, stack(0x000000d567400000,0x000000d567500000)]
  0x000002ad7402a770 JavaThread "Monitor Deflation Thread" daemon [_thread_blocked, id=3008, stack(0x000000d567500000,0x000000d567600000)]
=>0x000002ad7402d380 JavaThread "C2 CompilerThread0" daemon [_thread_in_native, id=16936, stack(0x000000d567600000,0x000000d567700000)]
  0x000002ad7402e430 JavaThread "C1 CompilerThread0" daemon [_thread_blocked, id=6684, stack(0x000000d567700000,0x000000d567800000)]
  0x000002ad7402ed40 JavaThread "Sweeper thread" daemon [_thread_blocked, id=16948, stack(0x000000d567800000,0x000000d567900000)]
  0x000002ad740e7170 JavaThread "C1 CompilerThread1" daemon [_thread_blocked, id=12456, stack(0x000000d567900000,0x000000d567a00000)]
  0x000002ad740f16c0 JavaThread "C1 CompilerThread2" daemon [_thread_blocked, id=18400, stack(0x000000d567a00000,0x000000d567b00000)]
  0x000002ad741d1a90 JavaThread "Notification Thread" daemon [_thread_blocked, id=6692, stack(0x000000d567b00000,0x000000d567c00000)]
  0x000002ad741e6d80 JavaThread "Common-Cleaner" daemon [_thread_blocked, id=20568, stack(0x000000d567d00000,0x000000d567e00000)]
  0x000002ad7478f5a0 JavaThread "ReaderThread" [_thread_in_native, id=18736, stack(0x000000d568000000,0x000000d568100000)]
  0x000002ad7cf56c60 JavaThread "PostgreSQL-JDBC-Cleaner" daemon [_thread_blocked, id=20696, stack(0x000000d569300000,0x000000d569400000)]
  0x000002ad7c2bf950 JavaThread "HikariPool-1:housekeeper" daemon [_thread_blocked, id=19424, stack(0x000000d569400000,0x000000d569500000)]
  0x000002ad7b65b040 JavaThread "HikariPool-1:connection-adder" daemon [_thread_blocked, id=19452, stack(0x000000d569500000,0x000000d569600000)]
  0x000002ad7bde2b90 JavaThread "C2 CompilerThread1" daemon [_thread_in_native, id=21324, stack(0x000000d567e00000,0x000000d567f00000)]
  0x000002ad7a985690 JavaThread "C2 CompilerThread2" daemon [_thread_in_native, id=21220, stack(0x000000d567f00000,0x000000d568000000)]

Other Threads:
  0x000002ad74010240 VMThread "VM Thread" [stack: 0x000000d566f00000,0x000000d567000000] [id=19380]
  0x000002ad741d75c0 WatcherThread [stack: 0x000000d567c00000,0x000000d567d00000] [id=17572]
  0x000002ad0f695580 GCTaskThread "GC Thread#0" [stack: 0x000000d566a00000,0x000000d566b00000] [id=8636]
  0x000002ad792b0180 GCTaskThread "GC Thread#1" [stack: 0x000000d568200000,0x000000d568300000] [id=19460]
  0x000002ad7926afa0 GCTaskThread "GC Thread#2" [stack: 0x000000d568300000,0x000000d568400000] [id=17056]
  0x000002ad793a5620 GCTaskThread "GC Thread#3" [stack: 0x000000d568400000,0x000000d568500000] [id=4080]
  0x000002ad793a58e0 GCTaskThread "GC Thread#4" [stack: 0x000000d568500000,0x000000d568600000] [id=3924]
  0x000002ad793a5ba0 GCTaskThread "GC Thread#5" [stack: 0x000000d568600000,0x000000d568700000] [id=5772]
  0x000002ad7a21d3c0 GCTaskThread "GC Thread#6" [stack: 0x000000d568800000,0x000000d568900000] [id=1324]
  0x000002ad7a21d680 GCTaskThread "GC Thread#7" [stack: 0x000000d568900000,0x000000d568a00000] [id=20352]
  0x000002ad7978ae70 GCTaskThread "GC Thread#8" [stack: 0x000000d568b00000,0x000000d568c00000] [id=1844]
  0x000002ad7a89d1e0 GCTaskThread "GC Thread#9" [stack: 0x000000d568c00000,0x000000d568d00000] [id=2708]
  0x000002ad7ac5a7b0 GCTaskThread "GC Thread#10" [stack: 0x000000d568d00000,0x000000d568e00000] [id=18348]
  0x000002ad7ac5aa70 GCTaskThread "GC Thread#11" [stack: 0x000000d568e00000,0x000000d568f00000] [id=14676]
  0x000002ad79690270 GCTaskThread "GC Thread#12" [stack: 0x000000d568f00000,0x000000d569000000] [id=8912]
  0x000002ad0f6a5eb0 ConcurrentGCThread "G1 Main Marker" [stack: 0x000000d566b00000,0x000000d566c00000] [id=16068]
  0x000002ad0f6a67d0 ConcurrentGCThread "G1 Conc#0" [stack: 0x000000d566c00000,0x000000d566d00000] [id=10636]
  0x000002ad7a966c60 ConcurrentGCThread "G1 Conc#1" [stack: 0x000000d569000000,0x000000d569100000] [id=18256]
  0x000002ad7a28b610 ConcurrentGCThread "G1 Conc#2" [stack: 0x000000d569100000,0x000000d569200000] [id=2864]
  0x000002ad326c8d00 ConcurrentGCThread "G1 Refine#0" [stack: 0x000000d566d00000,0x000000d566e00000] [id=19648]
  0x000002ad326c94e0 ConcurrentGCThread "G1 Service" [stack: 0x000000d566e00000,0x000000d566f00000] [id=15432]

Threads with active compile tasks:
C2 CompilerThread0     6960 5480       4       jdk.internal.org.objectweb.asm.ClassWriter::visitMethod (57 bytes)
C1 CompilerThread0     6960 5522       3       org.springframework.core.ResolvableType::forMethodReturnType (20 bytes)
C2 CompilerThread1     6961 5484       4       jdk.internal.org.objectweb.asm.SymbolTable::addConstantUtf8 (98 bytes)
C2 CompilerThread2     6961 5486       4       jdk.internal.org.objectweb.asm.ClassWriter::toByteArray (1515 bytes)

VM state: not at safepoint (normal execution)

VM Mutex/Monitor currently owned by a thread: None

Heap address: 0x0000000705200000, size: 4014 MB, Compressed Oops mode: Zero based, Oop shift amount: 3

CDS archive(s) mapped at: [0x000002ad33000000-0x000002ad33bd0000-0x000002ad33bd0000), size 12386304, SharedBaseAddress: 0x000002ad33000000, ArchiveRelocationMode: 1.
Compressed class space mapped at: 0x000002ad34000000-0x000002ad74000000, reserved size: 1073741824
Narrow klass base: 0x000002ad33000000, Narrow klass shift: 0, Narrow klass range: 0x100000000

GC Precious Log:
 CPUs: 16 total, 16 available
 Memory: 16052M
 Large Page Support: Disabled
 NUMA Support: Disabled
 Compressed Oops: Enabled (Zero based)
 Heap Region Size: 2M
 Heap Min Capacity: 8M
 Heap Initial Capacity: 252M
 Heap Max Capacity: 4014M
 Pre-touch: Disabled
 Parallel Workers: 13
 Concurrent Workers: 3
 Concurrent Refinement Workers: 13
 Periodic GC: Disabled

Heap:
 garbage-first heap   total 75776K, used 26036K [0x0000000705200000, 0x0000000800000000)
  region size 2048K, 4 young (8192K), 2 survivors (4096K)
 Metaspace       used 59802K, committed 60416K, reserved 1114112K
  class space    used 8487K, committed 8768K, reserved 1048576K

Heap Regions: E=young(eden), S=young(survivor), O=old, HS=humongous(starts), HC=humongous(continues), CS=collection set, F=free, OA=open archive, CA=closed archive, TAMS=top-at-mark-start (previous, next)
|   0|0x0000000705200000, 0x0000000705400000, 0x0000000705400000|100%| O|  |TAMS 0x0000000705400000, 0x0000000705200000| Untracked 
|   1|0x0000000705400000, 0x0000000705600000, 0x0000000705600000|100%| O|  |TAMS 0x0000000705600000, 0x0000000705400000| Untracked 
|   2|0x0000000705600000, 0x0000000705800000, 0x0000000705800000|100%| O|  |TAMS 0x0000000705800000, 0x0000000705600000| Untracked 
|   3|0x0000000705800000, 0x00000007059ddc00, 0x0000000705a00000| 93%| O|  |TAMS 0x00000007059ddc00, 0x0000000705800000| Untracked 
|   4|0x0000000705a00000, 0x0000000705c00000, 0x0000000705c00000|100%| O|  |TAMS 0x0000000705c00000, 0x0000000705a00000| Untracked 
|   5|0x0000000705c00000, 0x0000000705e00000, 0x0000000705e00000|100%| O|  |TAMS 0x0000000705e00000, 0x0000000705c00000| Untracked 
|   6|0x0000000705e00000, 0x0000000706000000, 0x0000000706000000|100%| O|  |TAMS 0x0000000706000000, 0x0000000705e00000| Untracked 
|   7|0x0000000706000000, 0x0000000706200000, 0x0000000706200000|100%| O|  |TAMS 0x0000000706200000, 0x0000000706000000| Untracked 
|   8|0x0000000706200000, 0x0000000706200000, 0x0000000706400000|  0%| F|  |TAMS 0x0000000706200000, 0x0000000706200000| Untracked 
|   9|0x0000000706400000, 0x0000000706600000, 0x0000000706600000|100%| O|  |TAMS 0x0000000706600000, 0x0000000706400000| Untracked 
|  10|0x0000000706600000, 0x0000000706800000, 0x0000000706800000|100%| O|  |TAMS 0x0000000706800000, 0x0000000706600000| Untracked 
|  11|0x0000000706800000, 0x0000000706933c00, 0x0000000706a00000| 60%| O|  |TAMS 0x0000000706933c00, 0x0000000706800000| Untracked 
|  12|0x0000000706a00000, 0x0000000706a00000, 0x0000000706c00000|  0%| F|  |TAMS 0x0000000706a00000, 0x0000000706a00000| Untracked 
|  13|0x0000000706c00000, 0x0000000706c00000, 0x0000000706e00000|  0%| F|  |TAMS 0x0000000706c00000, 0x0000000706c00000| Untracked 
|  14|0x0000000706e00000, 0x0000000706e00000, 0x0000000707000000|  0%| F|  |TAMS 0x0000000706e00000, 0x0000000706e00000| Untracked 
|  15|0x0000000707000000, 0x0000000707000000, 0x0000000707200000|  0%| F|  |TAMS 0x0000000707000000, 0x0000000707000000| Untracked 
|  16|0x0000000707200000, 0x0000000707200000, 0x0000000707400000|  0%| F|  |TAMS 0x0000000707200000, 0x0000000707200000| Untracked 
|  17|0x0000000707400000, 0x0000000707400000, 0x0000000707600000|  0%| F|  |TAMS 0x0000000707400000, 0x0000000707400000| Untracked 
|  18|0x0000000707600000, 0x0000000707600000, 0x0000000707800000|  0%| F|  |TAMS 0x0000000707600000, 0x0000000707600000| Untracked 
|  19|0x0000000707800000, 0x0000000707800000, 0x0000000707a00000|  0%| F|  |TAMS 0x0000000707800000, 0x0000000707800000| Untracked 
|  20|0x0000000707a00000, 0x0000000707a00000, 0x0000000707c00000|  0%| F|  |TAMS 0x0000000707a00000, 0x0000000707a00000| Untracked 
|  21|0x0000000707c00000, 0x0000000707c00000, 0x0000000707e00000|  0%| F|  |TAMS 0x0000000707c00000, 0x0000000707c00000| Untracked 
|  22|0x0000000707e00000, 0x0000000707e00000, 0x0000000708000000|  0%| F|  |TAMS 0x0000000707e00000, 0x0000000707e00000| Untracked 
|  23|0x0000000708000000, 0x000000070805bbf0, 0x0000000708200000| 17%| S|CS|TAMS 0x0000000708000000, 0x0000000708000000| Complete 
|  24|0x0000000708200000, 0x0000000708400000, 0x0000000708400000|100%| S|CS|TAMS 0x0000000708200000, 0x0000000708200000| Complete 
|  25|0x0000000708400000, 0x0000000708400000, 0x0000000708600000|  0%| F|  |TAMS 0x0000000708400000, 0x0000000708400000| Untracked 
|  26|0x0000000708600000, 0x0000000708600000, 0x0000000708800000|  0%| F|  |TAMS 0x0000000708600000, 0x0000000708600000| Untracked 
|  27|0x0000000708800000, 0x0000000708800000, 0x0000000708a00000|  0%| F|  |TAMS 0x0000000708800000, 0x0000000708800000| Untracked 
|  28|0x0000000708a00000, 0x0000000708a00000, 0x0000000708c00000|  0%| F|  |TAMS 0x0000000708a00000, 0x0000000708a00000| Untracked 
|  29|0x0000000708c00000, 0x0000000708c00000, 0x0000000708e00000|  0%| F|  |TAMS 0x0000000708c00000, 0x0000000708c00000| Untracked 
|  30|0x0000000708e00000, 0x0000000708e00000, 0x0000000709000000|  0%| F|  |TAMS 0x0000000708e00000, 0x0000000708e00000| Untracked 
|  31|0x0000000709000000, 0x0000000709000000, 0x0000000709200000|  0%| F|  |TAMS 0x0000000709000000, 0x0000000709000000| Untracked 
|  32|0x0000000709200000, 0x0000000709200000, 0x0000000709400000|  0%| F|  |TAMS 0x0000000709200000, 0x0000000709200000| Untracked 
|  33|0x0000000709400000, 0x0000000709400000, 0x0000000709600000|  0%| F|  |TAMS 0x0000000709400000, 0x0000000709400000| Untracked 
|  34|0x0000000709600000, 0x0000000709600000, 0x0000000709800000|  0%| F|  |TAMS 0x0000000709600000, 0x0000000709600000| Untracked 
|  95|0x0000000711000000, 0x0000000711139d18, 0x0000000711200000| 61%| E|  |TAMS 0x0000000711000000, 0x0000000711000000| Complete 
| 125|0x0000000714c00000, 0x0000000714e00000, 0x0000000714e00000|100%| E|CS|TAMS 0x0000000714c00000, 0x0000000714c00000| Complete 

Card table byte_map: [0x000002ad26f30000,0x000002ad27710000] _byte_map_base: 0x000002ad23707000

Marking Bits (Prev, Next): (CMBitMap*) 0x000002ad0f695af0, (CMBitMap*) 0x000002ad0f695ab0
 Prev Bits: [0x000002ad2bdb0000, 0x000002ad2fc68000)
 Next Bits: [0x000002ad27ef0000, 0x000002ad2bda8000)

Polling page: 0x000002ad0d5b0000

Metaspace:

Usage:
  Non-class:     50.11 MB used.
      Class:      8.29 MB used.
       Both:     58.40 MB used.

Virtual space:
  Non-class space:       64.00 MB reserved,      50.44 MB ( 79%) committed,  1 nodes.
      Class space:        1.00 GB reserved,       8.56 MB ( <1%) committed,  1 nodes.
             Both:        1.06 GB reserved,      59.00 MB (  5%) committed. 

Chunk freelists:
   Non-Class:  13.00 MB
       Class:  7.44 MB
        Both:  20.43 MB

MaxMetaspaceSize: unlimited
CompressedClassSpaceSize: 1.00 GB
Initial GC threshold: 21.00 MB
Current GC threshold: 98.12 MB
CDS: on
MetaspaceReclaimPolicy: balanced
 - commit_granule_bytes: 65536.
 - commit_granule_words: 8192.
 - virtual_space_node_default_size: 8388608.
 - enlarge_chunks_in_place: 1.
 - new_chunks_are_fully_committed: 0.
 - uncommit_free_chunks: 1.
 - use_allocation_guard: 0.
 - handle_deallocations: 1.


Internal statistics:

num_allocs_failed_limit: 9.
num_arena_births: 720.
num_arena_deaths: 0.
num_vsnodes_births: 2.
num_vsnodes_deaths: 0.
num_space_committed: 944.
num_space_uncommitted: 0.
num_chunks_returned_to_freelist: 9.
num_chunks_taken_from_freelist: 2925.
num_chunk_merges: 9.
num_chunk_splits: 2088.
num_chunks_enlarged: 1655.
num_inconsistent_stats: 0.

CodeHeap 'non-profiled nmethods': size=119168Kb used=3204Kb max_used=3343Kb free=115963Kb
 bounds [0x000002ad1ea70000, 0x000002ad1edc0000, 0x000002ad25ed0000]
CodeHeap 'profiled nmethods': size=119104Kb used=9222Kb max_used=9891Kb free=109881Kb
 bounds [0x000002ad16ed0000, 0x000002ad17880000, 0x000002ad1e320000]
CodeHeap 'non-nmethods': size=7488Kb used=2454Kb max_used=3034Kb free=5033Kb
 bounds [0x000002ad1e320000, 0x000002ad1e620000, 0x000002ad1ea70000]
 total_blobs=5433 nmethods=4770 adapters=573
 compilation: enabled
              stopped_count=0, restarted_count=0
 full_count=0

Compilation events (20 events):
Event: 5.922 Thread 0x000002ad74baea40 nmethod 5501 0x000002ad16fbd490 code [0x000002ad16fbd640, 0x000002ad16fbd9e8]
Event: 5.922 Thread 0x000002ad74baea40 5503       3       org.springframework.beans.factory.support.AbstractBeanFactory::isTypeMatch (776 bytes)
Event: 5.923 Thread 0x000002ad740e7170 nmethod 5502 0x000002ad176fea90 code [0x000002ad176feca0, 0x000002ad176ff3e8]
Event: 5.926 Thread 0x000002ad7402e430 5505       3       org.springframework.util.ClassUtils::isOverridable (50 bytes)
Event: 5.928 Thread 0x000002ad7402e430 nmethod 5505 0x000002ad176fd010 code [0x000002ad176fd340, 0x000002ad176fe448]
Event: 5.929 Thread 0x000002ad7bde2b90 5484       4       jdk.internal.org.objectweb.asm.SymbolTable::addConstantUtf8 (98 bytes)
Event: 5.929 Thread 0x000002ad74baea40 nmethod 5503 0x000002ad172dc890 code [0x000002ad172dd180, 0x000002ad172e4328]
Event: 5.931 Thread 0x000002ad74baea40 5508       3       org.springframework.core.BridgeMethodResolver$$Lambda$1202/0x000002ad344116f8::matches (9 bytes)
Event: 5.931 Thread 0x000002ad740e7170 5509       3       org.springframework.core.BridgeMethodResolver::lambda$resolveBridgeMethod$0 (6 bytes)
Event: 5.931 Thread 0x000002ad7402e430 5510       3       org.springframework.core.BridgeMethodResolver::isBridgedCandidateFor (38 bytes)
Event: 5.931 Thread 0x000002ad740e7170 nmethod 5509 0x000002ad1745d610 code [0x000002ad1745d7a0, 0x000002ad1745d8c8]
Event: 5.931 Thread 0x000002ad74baea40 nmethod 5508 0x000002ad172dc410 code [0x000002ad172dc5c0, 0x000002ad172dc768]
Event: 5.932 Thread 0x000002ad7402e430 nmethod 5510 0x000002ad176fc890 code [0x000002ad176fca60, 0x000002ad176fce68]
Event: 5.932 Thread 0x000002ad740e7170 5512       3       java.lang.invoke.LambdaForm$MH/0x000002ad34120800::linkToTargetMethod (9 bytes)
Event: 5.932 Thread 0x000002ad740e7170 nmethod 5512 0x000002ad176fc010 code [0x000002ad176fc1c0, 0x000002ad176fc538]
Event: 5.932 Thread 0x000002ad7a985690 5486       4       jdk.internal.org.objectweb.asm.ClassWriter::toByteArray (1515 bytes)
Event: 5.933 Thread 0x000002ad740f16c0 5514       3       org.springframework.core.annotation.AnnotationsScanner::isOverride (49 bytes)
Event: 5.934 Thread 0x000002ad740f16c0 nmethod 5514 0x000002ad16f73910 code [0x000002ad16f73b00, 0x000002ad16f73f58]
Event: 5.934 Thread 0x000002ad740f16c0 5515       3       sun.reflect.generics.visitor.Reifier::reifyTypeArguments (38 bytes)
Event: 5.935 Thread 0x000002ad740f16c0 nmethod 5515 0x000002ad16f73090 code [0x000002ad16f73260, 0x000002ad16f73788]

GC Heap History (20 events):
Event: 1.989 GC heap before
{Heap before GC invocations=4 (full 0):
 garbage-first heap   total 55296K, used 37101K [0x0000000705200000, 0x0000000800000000)
  region size 2048K, 16 young (32768K), 3 survivors (6144K)
 Metaspace       used 24545K, committed 24960K, reserved 1114112K
  class space    used 3228K, committed 3392K, reserved 1048576K
}
Event: 1.994 GC heap after
{Heap after GC invocations=5 (full 0):
 garbage-first heap   total 55296K, used 15453K [0x0000000705200000, 0x0000000800000000)
  region size 2048K, 2 young (4096K), 2 survivors (4096K)
 Metaspace       used 24545K, committed 24960K, reserved 1114112K
  class space    used 3228K, committed 3392K, reserved 1048576K
}
Event: 2.040 GC heap before
{Heap before GC invocations=5 (full 0):
 garbage-first heap   total 55296K, used 17501K [0x0000000705200000, 0x0000000800000000)
  region size 2048K, 3 young (6144K), 2 survivors (4096K)
 Metaspace       used 24841K, committed 25216K, reserved 1114112K
  class space    used 3268K, committed 3456K, reserved 1048576K
}
Event: 2.044 GC heap after
{Heap after GC invocations=6 (full 0):
 garbage-first heap   total 55296K, used 15687K [0x0000000705200000, 0x0000000800000000)
  region size 2048K, 1 young (2048K), 1 survivors (2048K)
 Metaspace       used 24841K, committed 25216K, reserved 1114112K
  class space    used 3268K, committed 3456K, reserved 1048576K
}
Event: 2.476 GC heap before
{Heap before GC invocations=6 (full 0):
 garbage-first heap   total 55296K, used 34119K [0x0000000705200000, 0x0000000800000000)
  region size 2048K, 10 young (20480K), 1 survivors (2048K)
 Metaspace       used 27432K, committed 27840K, reserved 1114112K
  class space    used 3621K, committed 3776K, reserved 1048576K
}
Event: 2.479 GC heap after
{Heap after GC invocations=7 (full 0):
 garbage-first heap   total 55296K, used 16626K [0x0000000705200000, 0x0000000800000000)
  region size 2048K, 1 young (2048K), 1 survivors (2048K)
 Metaspace       used 27432K, committed 27840K, reserved 1114112K
  class space    used 3621K, committed 3776K, reserved 1048576K
}
Event: 3.099 GC heap before
{Heap before GC invocations=7 (full 0):
 garbage-first heap   total 55296K, used 35058K [0x0000000705200000, 0x0000000800000000)
  region size 2048K, 11 young (22528K), 1 survivors (2048K)
 Metaspace       used 30867K, committed 31360K, reserved 1114112K
  class space    used 4134K, committed 4352K, reserved 1048576K
}
Event: 3.104 GC heap after
{Heap after GC invocations=8 (full 0):
 garbage-first heap   total 55296K, used 18370K [0x0000000705200000, 0x0000000800000000)
  region size 2048K, 2 young (4096K), 2 survivors (4096K)
 Metaspace       used 30867K, committed 31360K, reserved 1114112K
  class space    used 4134K, committed 4352K, reserved 1048576K
}
Event: 3.422 GC heap before
{Heap before GC invocations=8 (full 0):
 garbage-first heap   total 55296K, used 36802K [0x0000000705200000, 0x0000000800000000)
  region size 2048K, 11 young (22528K), 2 survivors (4096K)
 Metaspace       used 34761K, committed 35200K, reserved 1114112K
  class space    used 4877K, committed 5056K, reserved 1048576K
}
Event: 3.425 GC heap after
{Heap after GC invocations=9 (full 0):
 garbage-first heap   total 55296K, used 19458K [0x0000000705200000, 0x0000000800000000)
  region size 2048K, 2 young (4096K), 2 survivors (4096K)
 Metaspace       used 34761K, committed 35200K, reserved 1114112K
  class space    used 4877K, committed 5056K, reserved 1048576K
}
Event: 3.501 GC heap before
{Heap before GC invocations=9 (full 0):
 garbage-first heap   total 55296K, used 23554K [0x0000000705200000, 0x0000000800000000)
  region size 2048K, 5 young (10240K), 2 survivors (4096K)
 Metaspace       used 35519K, committed 35968K, reserved 1114112K
  class space    used 5003K, committed 5248K, reserved 1048576K
}
Event: 3.504 GC heap after
{Heap after GC invocations=10 (full 0):
 garbage-first heap   total 157696K, used 19985K [0x0000000705200000, 0x0000000800000000)
  region size 2048K, 1 young (2048K), 1 survivors (2048K)
 Metaspace       used 35519K, committed 35968K, reserved 1114112K
  class space    used 5003K, committed 5248K, reserved 1048576K
}
Event: 4.668 GC heap before
{Heap before GC invocations=11 (full 0):
 garbage-first heap   total 75776K, used 62993K [0x0000000705200000, 0x0000000800000000)
  region size 2048K, 22 young (45056K), 1 survivors (2048K)
 Metaspace       used 46145K, committed 46592K, reserved 1114112K
  class space    used 6450K, committed 6656K, reserved 1048576K
}
Event: 4.672 GC heap after
{Heap after GC invocations=12 (full 0):
 garbage-first heap   total 75776K, used 22186K [0x0000000705200000, 0x0000000800000000)
  region size 2048K, 2 young (4096K), 2 survivors (4096K)
 Metaspace       used 46145K, committed 46592K, reserved 1114112K
  class space    used 6450K, committed 6656K, reserved 1048576K
}
Event: 4.732 GC heap before
{Heap before GC invocations=12 (full 0):
 garbage-first heap   total 75776K, used 24234K [0x0000000705200000, 0x0000000800000000)
  region size 2048K, 3 young (6144K), 2 survivors (4096K)
 Metaspace       used 46495K, committed 46976K, reserved 1114112K
  class space    used 6496K, committed 6720K, reserved 1048576K
}
Event: 4.738 GC heap after
{Heap after GC invocations=13 (full 0):
 garbage-first heap   total 75776K, used 22184K [0x0000000705200000, 0x0000000800000000)
  region size 2048K, 1 young (2048K), 1 survivors (2048K)
 Metaspace       used 46495K, committed 46976K, reserved 1114112K
  class space    used 6496K, committed 6720K, reserved 1048576K
}
Event: 5.298 GC heap before
{Heap before GC invocations=13 (full 0):
 garbage-first heap   total 75776K, used 52904K [0x0000000705200000, 0x0000000800000000)
  region size 2048K, 17 young (34816K), 1 survivors (2048K)
 Metaspace       used 54644K, committed 55104K, reserved 1114112K
  class space    used 7751K, committed 8000K, reserved 1048576K
}
Event: 5.300 GC heap after
{Heap after GC invocations=14 (full 0):
 garbage-first heap   total 75776K, used 23070K [0x0000000705200000, 0x0000000800000000)
  region size 2048K, 1 young (2048K), 1 survivors (2048K)
 Metaspace       used 54644K, committed 55104K, reserved 1114112K
  class space    used 7751K, committed 8000K, reserved 1048576K
}
Event: 5.873 GC heap before
{Heap before GC invocations=14 (full 0):
 garbage-first heap   total 75776K, used 45598K [0x0000000705200000, 0x0000000800000000)
  region size 2048K, 13 young (26624K), 1 survivors (2048K)
 Metaspace       used 59642K, committed 60160K, reserved 1114112K
  class space    used 8465K, committed 8704K, reserved 1048576K
}
Event: 5.877 GC heap after
{Heap after GC invocations=15 (full 0):
 garbage-first heap   total 75776K, used 23988K [0x0000000705200000, 0x0000000800000000)
  region size 2048K, 2 young (4096K), 2 survivors (4096K)
 Metaspace       used 59642K, committed 60160K, reserved 1114112K
  class space    used 8465K, committed 8704K, reserved 1048576K
}

Deoptimization events (20 events):
Event: 5.542 Thread 0x000002ad0f627290 Uncommon trap: trap_request=0xffffff45 fr.pc=0x000002ad1eaed4d4 relative=0x0000000000000234
Event: 5.542 Thread 0x000002ad0f627290 Uncommon trap: reason=unstable_if action=reinterpret pc=0x000002ad1eaed4d4 method=jdk.internal.org.objectweb.asm.Frame.push(I)V @ 26 c2
Event: 5.542 Thread 0x000002ad0f627290 DEOPT PACKING pc=0x000002ad1eaed4d4 sp=0x000000d5669f9070
Event: 5.542 Thread 0x000002ad0f627290 DEOPT UNPACKING pc=0x000002ad1e3723a3 sp=0x000000d5669f9018 mode 2
Event: 5.744 Thread 0x000002ad0f627290 Uncommon trap: trap_request=0xffffff45 fr.pc=0x000002ad1eb6f138 relative=0x0000000000000218
Event: 5.744 Thread 0x000002ad0f627290 Uncommon trap: reason=unstable_if action=reinterpret pc=0x000002ad1eb6f138 method=java.util.StringTokenizer.skipDelimiters(I)I @ 21 c2
Event: 5.744 Thread 0x000002ad0f627290 DEOPT PACKING pc=0x000002ad1eb6f138 sp=0x000000d5669fa610
Event: 5.744 Thread 0x000002ad0f627290 DEOPT UNPACKING pc=0x000002ad1e3723a3 sp=0x000000d5669fa550 mode 2
Event: 5.744 Thread 0x000002ad0f627290 Uncommon trap: trap_request=0xffffff45 fr.pc=0x000002ad1eb8b9fc relative=0x000000000000025c
Event: 5.744 Thread 0x000002ad0f627290 Uncommon trap: reason=unstable_if action=reinterpret pc=0x000002ad1eb8b9fc method=java.util.StringTokenizer.scanToken(I)I @ 96 c2
Event: 5.744 Thread 0x000002ad0f627290 DEOPT PACKING pc=0x000002ad1eb8b9fc sp=0x000000d5669fa5d0
Event: 5.744 Thread 0x000002ad0f627290 DEOPT UNPACKING pc=0x000002ad1e3723a3 sp=0x000000d5669fa560 mode 2
Event: 5.744 Thread 0x000002ad0f627290 Uncommon trap: trap_request=0xffffff45 fr.pc=0x000002ad1eb9c718 relative=0x00000000000001f8
Event: 5.744 Thread 0x000002ad0f627290 Uncommon trap: reason=unstable_if action=reinterpret pc=0x000002ad1eb9c718 method=java.util.StringTokenizer.skipDelimiters(I)I @ 21 c2
Event: 5.744 Thread 0x000002ad0f627290 DEOPT PACKING pc=0x000002ad1eb9c718 sp=0x000000d5669fa5b0
Event: 5.744 Thread 0x000002ad0f627290 DEOPT UNPACKING pc=0x000002ad1e3723a3 sp=0x000000d5669fa550 mode 2
Event: 5.921 Thread 0x000002ad0f627290 Uncommon trap: trap_request=0xffffff45 fr.pc=0x000002ad1ecb04f0 relative=0x0000000000003050
Event: 5.921 Thread 0x000002ad0f627290 Uncommon trap: reason=unstable_if action=reinterpret pc=0x000002ad1ecb04f0 method=org.springframework.beans.factory.support.AbstractBeanFactory.isTypeMatch(Ljava/lang/String;Lorg/springframework/core/ResolvableType;Z)Z @ 63 c2
Event: 5.921 Thread 0x000002ad0f627290 DEOPT PACKING pc=0x000002ad1ecb04f0 sp=0x000000d5669f9690
Event: 5.921 Thread 0x000002ad0f627290 DEOPT UNPACKING pc=0x000002ad1e3723a3 sp=0x000000d5669f9648 mode 2

Classes unloaded (0 events):
No events

Classes redefined (0 events):
No events

Internal exceptions (20 events):
Event: 4.573 Thread 0x000002ad7b65b040 Implicit null exception at 0x000002ad1eb90210 to 0x000002ad1eb92060
Event: 4.573 Thread 0x000002ad7b65b040 Implicit null exception at 0x000002ad1ecf90e8 to 0x000002ad1ecfaaa8
Event: 4.632 Thread 0x000002ad0f627290 Exception <a 'java/lang/NoSuchMethodError'{0x00000007071183e0}: 'void java.lang.invoke.DirectMethodHandle$Holder.invokeSpecial(java.lang.Object, java.lang.Object, int, java.lang.Object)'> (0x00000007071183e0) 
thrown [s\open\src\hotspot\share\interpreter\linkResolver.cpp, line 759]
Event: 4.633 Thread 0x000002ad0f627290 Exception <a 'java/lang/NoSuchMethodError'{0x000000070711f398}: 'java.lang.Object java.lang.invoke.DirectMethodHandle$Holder.newInvokeSpecial(java.lang.Object, java.lang.Object, int)'> (0x000000070711f398) 
thrown [s\open\src\hotspot\share\interpreter\linkResolver.cpp, line 759]
Event: 4.859 Thread 0x000002ad0f627290 Implicit null exception at 0x000002ad1ebb610c to 0x000002ad1ebb613c
Event: 4.869 Thread 0x000002ad0f627290 Exception <a 'java/lang/IncompatibleClassChangeError'{0x000000070938f250}: Found class java.lang.Object, but interface was expected> (0x000000070938f250) 
thrown [s\open\src\hotspot\share\interpreter\linkResolver.cpp, line 826]
Event: 4.885 Thread 0x000002ad0f627290 Exception <a 'java/lang/NoSuchMethodError'{0x0000000709066c20}: 'java.lang.Object java.lang.invoke.DirectMethodHandle$Holder.invokeStatic(java.lang.Object, java.lang.Object, int, java.lang.Object)'> (0x0000000709066c20) 
thrown [s\open\src\hotspot\share\interpreter\linkResolver.cpp, line 759]
Event: 4.885 Thread 0x000002ad0f627290 Exception <a 'java/lang/NoSuchMethodError'{0x000000070906aeb0}: 'java.lang.Object java.lang.invoke.DirectMethodHandle$Holder.invokeStaticInit(java.lang.Object, java.lang.Object, int, java.lang.Object)'> (0x000000070906aeb0) 
thrown [s\open\src\hotspot\share\interpreter\linkResolver.cpp, line 759]
Event: 5.169 Thread 0x000002ad0f627290 Exception <a 'java/lang/NoSuchMethodError'{0x00000007082ac5f0}: 'int java.lang.invoke.DirectMethodHandle$Holder.invokeSpecial(java.lang.Object, java.lang.Object, int)'> (0x00000007082ac5f0) 
thrown [s\open\src\hotspot\share\interpreter\linkResolver.cpp, line 759]
Event: 5.407 Thread 0x000002ad0f627290 Exception <a 'java/lang/NoSuchMethodError'{0x0000000709536a50}: 'void java.lang.invoke.DirectMethodHandle$Holder.invokeSpecial(java.lang.Object, java.lang.Object, java.lang.Object, java.lang.Object, java.lang.Object, int, java.lang.Object, java.lang.Object)'> (0x0000000709536a50) 
thrown [s\open\src\hotspot\share\interpreter\linkResolver.cpp, line 759]
Event: 5.408 Thread 0x000002ad0f627290 Exception <a 'java/lang/NoSuchMethodError'{0x0000000709552f28}: 'void java.lang.invoke.DirectMethodHandle$Holder.invokeStaticInit(java.lang.Object, int, java.lang.Object, java.lang.Object, java.lang.Object, java.lang.Object)'> (0x0000000709552f28) 
thrown [s\open\src\hotspot\share\interpreter\linkResolver.cpp, line 759]
Event: 5.470 Thread 0x000002ad0f627290 Exception <a 'java/lang/NoSuchMethodError'{0x00000007093a66c8}: 'void java.lang.invoke.DirectMethodHandle$Holder.invokeStatic(java.lang.Object, java.lang.Object, java.lang.Object, int, java.lang.Object)'> (0x00000007093a66c8) 
thrown [s\open\src\hotspot\share\interpreter\linkResolver.cpp, line 759]
Event: 5.471 Thread 0x000002ad0f627290 Exception <a 'java/lang/NoSuchMethodError'{0x00000007093b5998}: 'void java.lang.invoke.DirectMethodHandle$Holder.invokeInterface(java.lang.Object, java.lang.Object, int, java.lang.Object)'> (0x00000007093b5998) 
thrown [s\open\src\hotspot\share\interpreter\linkResolver.cpp, line 759]
Event: 5.476 Thread 0x000002ad0f627290 Exception <a 'java/lang/NoSuchMethodError'{0x00000007093ede88}: 'java.lang.Object java.lang.invoke.DirectMethodHandle$Holder.newInvokeSpecial(java.lang.Object, java.lang.Object, int, java.lang.Object)'> (0x00000007093ede88) 
thrown [s\open\src\hotspot\share\interpreter\linkResolver.cpp, line 759]
Event: 5.535 Thread 0x000002ad0f627290 Exception <a 'java/lang/NoSuchMethodError'{0x0000000708e98a10}: 'int java.lang.invoke.DirectMethodHandle$Holder.invokeStatic(java.lang.Object, int, java.lang.Object)'> (0x0000000708e98a10) 
thrown [s\open\src\hotspot\share\interpreter\linkResolver.cpp, line 759]
Event: 5.542 Thread 0x000002ad0f627290 Exception <a 'java/lang/NoSuchMethodError'{0x0000000708efc9f8}: 'java.lang.Object java.lang.invoke.DirectMethodHandle$Holder.newInvokeSpecial(java.lang.Object, java.lang.Object, java.lang.Object, java.lang.Object, java.lang.Object, java.lang.Object, java.lang.Object, java.lang.Object, java.lang.Object, java.lang.Object, java.lang.Object, java.lang.Object)'> (0x0000000708efc9f8) 
thrown [s\open\src\hotspot\share\interpreter\linkResolver.cpp, line 759]
Event: 5.543 Thread 0x000002ad0f627290 Exception <a 'java/lang/NoSuchMethodError'{0x0000000708f020e8}: 'java.lang.Object java.lang.invoke.DirectMethodHandle$Holder.invokeSpecial(java.lang.Object, java.lang.Object, java.lang.Object, java.lang.Object, java.lang.Object, java.lang.Object, java.lang.Object, java.lang.Object, java.lang.Object, java.lang.Object, java.lang.Object, java.lang.Object, java.lang.Object)'> (0x0000000708f020e8) 
thrown [s\open\src\hotspot\share\interpreter\linkResolver.cpp, line 759]
Event: 5.543 Thread 0x000002ad0f627290 Exception <a 'java/lang/NoSuchMethodError'{0x0000000708f07370}: 'java.lang.Object java.lang.invoke.Invokers$Holder.linkToTargetMethod(java.lang.Object, java.lang.Object, java.lang.Object, java.lang.Object, java.lang.Object, java.lang.Object, java.lang.Object, java.lang.Object, java.lang.Object, java.lang.Object, java.lang.Object, java.lang.Object)'> (0x0000000708f07370) 
thrown [s\open\src\hotspot\share\interpreter\linkResolver.cpp, line 759]
Event: 5.577 Thread 0x000002ad0f627290 Exception <a 'java/lang/IncompatibleClassChangeError'{0x0000000708ca1db0}: Found class java.lang.Object, but interface was expected> (0x0000000708ca1db0) 
thrown [s\open\src\hotspot\share\interpreter\linkResolver.cpp, line 826]
Event: 5.589 Thread 0x000002ad0f627290 Exception <a 'java/lang/NoSuchMethodError'{0x0000000708d51640}: 'java.lang.Object java.lang.invoke.DirectMethodHandle$Holder.newInvokeSpecial(java.lang.Object, java.lang.Object, int, java.lang.Object, int, java.lang.Object, java.lang.Object)'> (0x0000000708d51640) 
thrown [s\open\src\hotspot\share\interpreter\linkResolver.cpp, line 759]

VM Operations (20 events):
Event: 4.672 Executing VM operation: G1CollectForAllocation done
Event: 4.732 Executing VM operation: G1CollectForAllocation
Event: 4.738 Executing VM operation: G1CollectForAllocation done
Event: 5.188 Executing VM operation: HandshakeAllThreads
Event: 5.188 Executing VM operation: HandshakeAllThreads done
Event: 5.205 Executing VM operation: HandshakeAllThreads
Event: 5.205 Executing VM operation: HandshakeAllThreads done
Event: 5.288 Executing VM operation: HandshakeAllThreads
Event: 5.288 Executing VM operation: HandshakeAllThreads done
Event: 5.297 Executing VM operation: G1CollectForAllocation
Event: 5.300 Executing VM operation: G1CollectForAllocation done
Event: 5.376 Executing VM operation: ICBufferFull
Event: 5.377 Executing VM operation: ICBufferFull done
Event: 5.873 Executing VM operation: CollectForMetadataAllocation
Event: 5.877 Executing VM operation: CollectForMetadataAllocation done
Event: 5.890 Executing VM operation: G1Concurrent
Event: 5.895 Executing VM operation: G1Concurrent done
Event: 5.900 Executing VM operation: G1Concurrent
Event: 5.900 Executing VM operation: G1Concurrent done
Event: 6.908 Executing VM operation: Cleanup

Events (20 events):
Event: 5.126 Thread 0x000002ad7c3ce560 Thread exited: 0x000002ad7c3ce560
Event: 5.170 loading class java/time/Clock$TickClock
Event: 5.170 loading class java/time/Clock$TickClock done
Event: 5.189 Thread 0x000002ad74215970 Thread exited: 0x000002ad74215970
Event: 5.190 loading class java/util/LinkedList$ListItr
Event: 5.190 loading class java/util/LinkedList$ListItr done
Event: 5.257 loading class java/lang/reflect/AnnotatedArrayType
Event: 5.257 loading class java/lang/reflect/AnnotatedArrayType done
Event: 5.278 Thread 0x000002ad7c05d450 Thread added: 0x000002ad7c05d450
Event: 5.424 loading class jdk/internal/reflect/UnsafeObjectFieldAccessorImpl
Event: 5.425 loading class jdk/internal/reflect/UnsafeObjectFieldAccessorImpl done
Event: 5.498 Thread 0x000002ad7c05d450 Thread exited: 0x000002ad7c05d450
Event: 5.859 loading class javax/naming/Reference
Event: 5.859 loading class javax/naming/Reference done
Event: 5.928 Thread 0x000002ad7bde2b90 Thread added: 0x000002ad7bde2b90
Event: 5.930 loading class java/lang/SafeVarargs
Event: 5.931 loading class java/lang/SafeVarargs done
Event: 5.932 Thread 0x000002ad7a985690 Thread added: 0x000002ad7a985690
Event: 5.934 loading class sun/reflect/generics/reflectiveObjects/GenericArrayTypeImpl
Event: 5.934 loading class sun/reflect/generics/reflectiveObjects/GenericArrayTypeImpl done


Dynamic libraries:
0x00007ff7fa0b0000 - 0x00007ff7fa0c0000 	C:\Users\Mohit\Downloads\jdk-17.0.12_windows-x64_bin\jdk-17.0.12\bin\java.exe
0x00007ff966300000 - 0x00007ff966567000 	C:\WINDOWS\SYSTEM32\ntdll.dll
0x00007ff965ab0000 - 0x00007ff965b79000 	C:\WINDOWS\System32\KERNEL32.DLL
0x00007ff963be0000 - 0x00007ff963fcf000 	C:\WINDOWS\System32\KERNELBASE.dll
0x00007ff963450000 - 0x00007ff96359b000 	C:\WINDOWS\System32\ucrtbase.dll
0x00007ff95b2b0000 - 0x00007ff95b2c9000 	C:\Users\Mohit\Downloads\jdk-17.0.12_windows-x64_bin\jdk-17.0.12\bin\jli.dll
0x00007ff95b290000 - 0x00007ff95b2ab000 	C:\Users\Mohit\Downloads\jdk-17.0.12_windows-x64_bin\jdk-17.0.12\bin\VCRUNTIME140.dll
0x00007ff9658c0000 - 0x00007ff965974000 	C:\WINDOWS\System32\ADVAPI32.dll
0x00007ff9640a0000 - 0x00007ff964149000 	C:\WINDOWS\System32\msvcrt.dll
0x00007ff9661a0000 - 0x00007ff966246000 	C:\WINDOWS\System32\sechost.dll
0x00007ff965bd0000 - 0x00007ff965ce8000 	C:\WINDOWS\System32\RPCRT4.dll
0x00007ff965df0000 - 0x00007ff965fb5000 	C:\WINDOWS\System32\USER32.dll
0x00007ff963860000 - 0x00007ff963887000 	C:\WINDOWS\System32\win32u.dll
0x00007ff93faa0000 - 0x00007ff93fd33000 	C:\WINDOWS\WinSxS\amd64_microsoft.windows.common-controls_6595b64144ccf1df_6.0.26100.7309_none_3e05feeae336a044\COMCTL32.dll
0x00007ff964200000 - 0x00007ff96422b000 	C:\WINDOWS\System32\GDI32.dll
0x00007ff963a00000 - 0x00007ff963b2c000 	C:\WINDOWS\System32\gdi32full.dll
0x00007ff963630000 - 0x00007ff9636d3000 	C:\WINDOWS\System32\msvcp_win.dll
0x00007ff950510000 - 0x00007ff95051b000 	C:\WINDOWS\SYSTEM32\VERSION.dll
0x00007ff965a70000 - 0x00007ff965aa1000 	C:\WINDOWS\System32\IMM32.DLL
0x00007ff95d570000 - 0x00007ff95d57c000 	C:\Users\Mohit\Downloads\jdk-17.0.12_windows-x64_bin\jdk-17.0.12\bin\vcruntime140_1.dll
0x00007ff95b1d0000 - 0x00007ff95b25e000 	C:\Users\Mohit\Downloads\jdk-17.0.12_windows-x64_bin\jdk-17.0.12\bin\msvcp140.dll
0x00007ff8afda0000 - 0x00007ff8b0980000 	C:\Users\Mohit\Downloads\jdk-17.0.12_windows-x64_bin\jdk-17.0.12\bin\server\jvm.dll
0x00007ff964150000 - 0x00007ff964158000 	C:\WINDOWS\System32\PSAPI.DLL
0x00007ff939280000 - 0x00007ff93928a000 	C:\WINDOWS\SYSTEM32\WSOCK32.dll
0x00007ff965840000 - 0x00007ff9658b4000 	C:\WINDOWS\System32\WS2_32.dll
0x00007ff959390000 - 0x00007ff9593c5000 	C:\WINDOWS\SYSTEM32\WINMM.dll
0x00007ff962200000 - 0x00007ff96221b000 	C:\WINDOWS\SYSTEM32\kernel.appcore.dll
0x00007ff95d520000 - 0x00007ff95d52a000 	C:\Users\Mohit\Downloads\jdk-17.0.12_windows-x64_bin\jdk-17.0.12\bin\jimage.dll
0x00007ff960d80000 - 0x00007ff960fc2000 	C:\WINDOWS\SYSTEM32\DBGHELP.DLL
0x00007ff964430000 - 0x00007ff9647b5000 	C:\WINDOWS\System32\combase.dll
0x00007ff965990000 - 0x00007ff965a66000 	C:\WINDOWS\System32\OLEAUT32.dll
0x00007ff93e4b0000 - 0x00007ff93e4ec000 	C:\WINDOWS\SYSTEM32\dbgcore.DLL
0x00007ff963b30000 - 0x00007ff963bd5000 	C:\WINDOWS\System32\bcryptPrimitives.dll
0x00007ff95b1a0000 - 0x00007ff95b1c5000 	C:\Users\Mohit\Downloads\jdk-17.0.12_windows-x64_bin\jdk-17.0.12\bin\java.dll
0x00007ff917180000 - 0x00007ff917257000 	C:\Users\Mohit\Downloads\jdk-17.0.12_windows-x64_bin\jdk-17.0.12\bin\jsvml.dll
0x00007ff9647f0000 - 0x00007ff964f43000 	C:\WINDOWS\System32\SHELL32.dll
0x00007ff963890000 - 0x00007ff9639fa000 	C:\WINDOWS\System32\wintypes.dll
0x00007ff961020000 - 0x00007ff96187e000 	C:\WINDOWS\SYSTEM32\windows.storage.dll
0x00007ff964230000 - 0x00007ff964325000 	C:\WINDOWS\System32\SHCORE.dll
0x00007ff964160000 - 0x00007ff9641c6000 	C:\WINDOWS\System32\shlwapi.dll
0x00007ff963370000 - 0x00007ff963399000 	C:\WINDOWS\SYSTEM32\profapi.dll
0x00007ff940350000 - 0x00007ff940369000 	C:\Users\Mohit\Downloads\jdk-17.0.12_windows-x64_bin\jdk-17.0.12\bin\net.dll
0x00007ff95a0c0000 - 0x00007ff95a1e8000 	C:\WINDOWS\SYSTEM32\WINHTTP.dll
0x00007ff962770000 - 0x00007ff9627db000 	C:\WINDOWS\system32\mswsock.dll
0x00007ff940330000 - 0x00007ff940346000 	C:\Users\Mohit\Downloads\jdk-17.0.12_windows-x64_bin\jdk-17.0.12\bin\nio.dll
0x00007ff940310000 - 0x00007ff940328000 	C:\Users\Mohit\Downloads\jdk-17.0.12_windows-x64_bin\jdk-17.0.12\bin\zip.dll
0x00007ff961bc0000 - 0x00007ff961bf4000 	C:\WINDOWS\SYSTEM32\IPHLPAPI.DLL
0x00007ff9647c0000 - 0x00007ff9647ca000 	C:\WINDOWS\System32\NSI.dll
0x00007ff95b140000 - 0x00007ff95b15e000 	C:\WINDOWS\SYSTEM32\dhcpcsvc6.DLL
0x00007ff95b0e0000 - 0x00007ff95b103000 	C:\WINDOWS\SYSTEM32\dhcpcsvc.DLL
0x00007ff961c50000 - 0x00007ff961d7c000 	C:\WINDOWS\SYSTEM32\DNSAPI.dll
0x00007ff95ac10000 - 0x00007ff95ac1e000 	C:\Users\Mohit\Downloads\jdk-17.0.12_windows-x64_bin\jdk-17.0.12\bin\sunmscapi.dll
0x00007ff9636e0000 - 0x00007ff963857000 	C:\WINDOWS\System32\CRYPT32.dll
0x00007ff962c50000 - 0x00007ff962c80000 	C:\WINDOWS\SYSTEM32\ncrypt.dll
0x00007ff962c00000 - 0x00007ff962c3f000 	C:\WINDOWS\SYSTEM32\NTASN1.dll
0x00007ff962a30000 - 0x00007ff962a4b000 	C:\WINDOWS\SYSTEM32\CRYPTSP.dll
0x00007ff962160000 - 0x00007ff96219a000 	C:\WINDOWS\system32\rsaenh.dll
0x00007ff962820000 - 0x00007ff96284b000 	C:\WINDOWS\SYSTEM32\USERENV.dll
0x00007ff963340000 - 0x00007ff96336a000 	C:\WINDOWS\SYSTEM32\bcrypt.dll
0x00007ff962a50000 - 0x00007ff962a5c000 	C:\WINDOWS\SYSTEM32\CRYPTBASE.dll
0x00007ff959b80000 - 0x00007ff959b8b000 	C:\Windows\System32\rasadhlp.dll
0x00007ff95d040000 - 0x00007ff95d0c6000 	C:\WINDOWS\System32\fwpuclnt.dll
0x00007ff95a960000 - 0x00007ff95a96a000 	C:\Users\Mohit\Downloads\jdk-17.0.12_windows-x64_bin\jdk-17.0.12\bin\management.dll
0x00007ff95a950000 - 0x00007ff95a95b000 	C:\Users\Mohit\Downloads\jdk-17.0.12_windows-x64_bin\jdk-17.0.12\bin\management_ext.dll

dbghelp: loaded successfully - version: 4.0.5 - missing functions: none
symbol engine: initialized successfully - sym options: 0x614 - pdb path: .;C:\Users\Mohit\Downloads\jdk-17.0.12_windows-x64_bin\jdk-17.0.12\bin;C:\WINDOWS\SYSTEM32;C:\WINDOWS\WinSxS\amd64_microsoft.windows.common-controls_6595b64144ccf1df_6.0.26100.7309_none_3e05feeae336a044;C:\Users\Mohit\Downloads\jdk-17.0.12_windows-x64_bin\jdk-17.0.12\bin\server

VM Arguments:
jvm_args: -ea -XX:+ShowCodeDetailsInExceptionMessages -Dfile.encoding=UTF-8 
java_command: org.eclipse.jdt.internal.junit.runner.RemoteTestRunner -version 3 -port 54794 -testLoaderClass org.eclipse.jdt.internal.junit5.runner.JUnit5TestLoader -loaderpluginname org.eclipse.jdt.junit5.runtime -test com.mohit.demo.hospitalManagement.InsuranceTests:testCreateAppointment
java_class_path (initial): c:\Users\Mohit\Desktop\SpringBoot\hospitalManagement\hospitalManagement\target\test-classes;c:\Users\Mohit\Desktop\SpringBoot\hospitalManagement\hospitalManagement\target\classes;c:\Users\Mohit\.m2\repository\org\springframework\boot\spring-boot-starter-web\4.0.1\spring-boot-starter-web-4.0.1.jar;c:\Users\Mohit\.m2\repository\org\springframework\boot\spring-boot-starter-jackson\4.0.1\spring-boot-starter-jackson-4.0.1.jar;c:\Users\Mohit\.m2\repository\org\springframework\boot\spring-boot-jackson\4.0.1\spring-boot-jackson-4.0.1.jar;c:\Users\Mohit\.m2\repository\tools\jackson\core\jackson-databind\3.0.3\jackson-databind-3.0.3.jar;c:\Users\Mohit\.m2\repository\com\fasterxml\jackson\core\jackson-annotations\2.20\jackson-annotations-2.20.jar;c:\Users\Mohit\.m2\repository\tools\jackson\core\jackson-core\3.0.3\jackson-core-3.0.3.jar;c:\Users\Mohit\.m2\repository\org\springframework\boot\spring-boot-starter-tomcat\4.0.1\spring-boot-starter-tomcat-4.0.1.jar;c:\Users\Mohit\.m2\repository\org\springframework\boot\spring-boot-starter-tomcat-runtime\4.0.1\spring-boot-starter-tomcat-runtime-4.0.1.jar;c:\Users\Mohit\.m2\repository\org\springframework\boot\spring-boot-web-server\4.0.1\spring-boot-web-server-4.0.1.jar;c:\Users\Mohit\.m2\repository\org\apache\tomcat\embed\tomcat-embed-core\11.0.15\tomcat-embed-core-11.0.15.jar;c:\Users\Mohit\.m2\repository\org\apache\tomcat\embed\tomcat-embed-el\11.0.15\tomcat-embed-el-11.0.15.jar;c:\Users\Mohit\.m2\repository\org\apache\tomcat\embed\tomcat-embed-websocket\11.0.15\tomcat-embed-websocket-11.0.15.jar;c:\Users\Mohit\.m2\repository\org\springframework\boot\spring-boot-tomcat\4.0.1\spring-boot-tomcat-4.0.1.jar;c:\Users\Mohit\.m2\repository\org\springframework\boot\spring-boot-http-converter\4.0.1\spring-boot-http-converter-4.0.1.jar;c:\Users\Mohit\.m2\repository\org\springframework\boot\spring-boot\4.0.1\spring-boot-4.0.1.jar;c:\Users\Mohit\.m2\repository\org\springframework\spring-context\7.0.2\spring-context-
Launcher Type: SUN_STANDARD

[Global flags]
     intx CICompilerCount                          = 12                                        {product} {ergonomic}
     uint ConcGCThreads                            = 3                                         {product} {ergonomic}
     uint G1ConcRefinementThreads                  = 13                                        {product} {ergonomic}
   size_t G1HeapRegionSize                         = 2097152                                   {product} {ergonomic}
    uintx GCDrainStackTargetSize                   = 64                                        {product} {ergonomic}
   size_t InitialHeapSize                          = 264241152                                 {product} {ergonomic}
   size_t MarkStackSize                            = 4194304                                   {product} {ergonomic}
   size_t MaxHeapSize                              = 4208984064                                {product} {ergonomic}
   size_t MaxNewSize                               = 2524971008                                {product} {ergonomic}
   size_t MinHeapDeltaBytes                        = 2097152                                   {product} {ergonomic}
   size_t MinHeapSize                              = 8388608                                   {product} {ergonomic}
    uintx NonNMethodCodeHeapSize                   = 7602480                                {pd product} {ergonomic}
    uintx NonProfiledCodeHeapSize                  = 122027880                              {pd product} {ergonomic}
    uintx ProfiledCodeHeapSize                     = 122027880                              {pd product} {ergonomic}
    uintx ReservedCodeCacheSize                    = 251658240                              {pd product} {ergonomic}
     bool SegmentedCodeCache                       = true                                      {product} {ergonomic}
     bool ShowCodeDetailsInExceptionMessages       = true                                   {manageable} {command line}
   size_t SoftMaxHeapSize                          = 4208984064                             {manageable} {ergonomic}
     bool UseCompressedClassPointers               = true                           {product lp64_product} {ergonomic}
     bool UseCompressedOops                        = true                           {product lp64_product} {ergonomic}
     bool UseG1GC                                  = true                                      {product} {ergonomic}
     bool UseLargePagesIndividualAllocation        = false                                  {pd product} {ergonomic}

Logging:
Log output configuration:
 #0: stdout all=warning uptime,level,tags
 #1: stderr all=off uptime,level,tags

Environment Variables:
JAVA_HOME=C:\Users\Mohit\Downloads\jdk-17.0.12_windows-x64_bin\jdk-17.0.12
PATH=c:\Users\Mohit\AppData\Local\Programs\cursor\resources\app\bin;C:\Program Files\Google\Chrome\Application;C:\Python312\Scripts\;C:\Python312\;D:\oracle\product\10.2.0\db_1\bin;C:\WINDOWS\system32;C:\WINDOWS;C:\WINDOWS\System32\Wbem;C:\WINDOWS\System32\WindowsPowerShell\v1.0\;C:\WINDOWS\System32\OpenSSH\;C:\MinGW\bin;C:\Program Files\dotnet\;C:\Program Files\Python311\Scripts;C:\Program Files\MongoDB\Server\7.0\bin;C:\ProgramData\chocolatey\bin;C:\Program Files\HP\HP One Agent;C:\xampp\php;C:\Program Files\MongoDB\Server\8.0\bin;C:\terraform_1.9.8_windows_386\;C:\WebDriver\;C:\Program Files\Git\cmd;C:\Users\Mohit\AppData\Roaming\Python\Python312\Scripts;C:\ngrok;C:\WINDOWS\System32\WindowsPowerSh;C:\WINDOWS\system32;C:\WINDOWS;C:\WINDOWS\System32\Wbem;C:\WINDOWS\System32\WindowsPowerShell\v1.0\;C:\WINDOWS\System32\OpenSSH\;C:\Program Files\Microsoft SQL Server\150\Tools\Binn\;C:\Program Files\nodejs\;C:\Program Files\Java\jdk-17.0.12\bin;C:\Program Files (x86)\Microsoft SQL Server\160\Tools\Binn\;C:\Program Files\Microsoft SQL Server\160\Tools\Binn\;C:\Program Files\Microsoft SQL Server\Client SDK\ODBC\170\Tools\Binn\;C:\Program Files\Microsoft SQL Server\160\DTS\Binn\;C:\Program Files\Microsoft SQL Server\170\DTS\Binn\;C:\Users\Mohit\anaconda3;C:\Users\Mohit\anaconda3\Library\mingw-w64\bin;C:\Users\Mohit\anaconda3\Library\usr\bin;C:\Users\Mohit\anaconda3\Library\bin;C:\Users\Mohit\anaconda3\Scripts;C:\Python312\Scripts\;C:\Python312\;C:\Program Files\Common Files\Oracle\Java\javapath;D:\oracle\product\10.2.0\db_1\bin;C:\WINDOWS\system32;C:\WINDOWS;C:\WINDOWS\System32\Wbem;C:\WINDOWS\System32\WindowsPowerShell\v1.0\;C:\WINDOWS\System32\OpenSSH\;C:\MinGW\bin;C:\Program Files\dotnet\;C:\Program Files\Python311\Scripts;C:\Program Files\MongoDB\Server\7.0\bin;C:\ProgramData\chocolatey\bin;C:\Program Files\HP\HP One Agent;C:\xampp\php;C:\Program Files\nodejs\;C:\Program Files\MongoDB\Server\8.0\bin;C:\terraform_1.9.8_windows_386\;C:\Program Files\Amazon\AWSCLIV2\;C:\Web
USERNAME=Mohit
OS=Windows_NT
PROCESSOR_IDENTIFIER=Intel64 Family 6 Model 154 Stepping 3, GenuineIntel



---------------  S Y S T E M  ---------------

OS:
 Windows 11 , 64 bit Build 26100 (10.0.26100.7309)
OS uptime: 0 days 3:24 hours
Hyper-V role detected

CPU: total 16 (initial active 16) (8 cores per cpu, 2 threads per core) family 6 model 154 stepping 3 microcode 0x42c, cx8, cmov, fxsr, ht, mmx, 3dnowpref, sse, sse2, sse3, ssse3, sse4.1, sse4.2, popcnt, lzcnt, tsc, tscinvbit, avx, avx2, aes, erms, clmul, bmi1, bmi2, adx, sha, fma, vzeroupper, clflush, clflushopt, clwb, hv

Memory: 4k page, system-wide physical 16052M (4446M free)
TotalPageFile size 16052M (AvailPageFile size 5M)
current process WorkingSet (physical memory assigned to process): 243M, peak: 259M
current process commit charge ("private bytes"): 291M, peak: 412M

vm_info: Java HotSpot(TM) 64-Bit Server VM (17.0.12+8-LTS-286) for windows-amd64 JRE (17.0.12+8-LTS-286), built on Jun  5 2024 06:46:59 by "mach5one" with MS VC++ 17.6 (VS2022)

END.
