#
# There is insufficient memory for the Java Runtime Environment to continue.
# Native memory allocation (malloc) failed to allocate 2184352 bytes for Chunk::new
# Possible reasons:
#   The system is out of physical RAM or swap space
#   The process is running with CompressedOops enabled, and the Java Heap may be blocking the growth of the native heap
# Possible solutions:
#   Reduce memory load on the system
#   Increase physical memory or swap space
#   Check if swap backing store is full
#   Decrease Java heap size (-Xmx/-Xms)
#   Decrease number of Java threads
#   Decrease Java thread stack sizes (-Xss)
#   Set larger code cache with -XX:ReservedCodeCacheSize=
#   JVM is running with Zero Based Compressed Oops mode in which the Java heap is
#     placed in the first 32GB address space. The Java Heap base address is the
#     maximum limit for the native heap growth. Please use -XX:HeapBaseMinAddress
#     to set the Java Heap base and to place the Java Heap above 32GB virtual address.
# This output file may be truncated or incomplete.
#
#  Out of Memory Error (arena.cpp:189), pid=12836, tid=20572
#
# JRE version: Java(TM) SE Runtime Environment (17.0.12+8) (build 17.0.12+8-LTS-286)
# Java VM: Java HotSpot(TM) 64-Bit Server VM (17.0.12+8-LTS-286, mixed mode, sharing, tiered, compressed oops, compressed class ptrs, g1 gc, windows-amd64)
# No core dump will be written. Minidumps are not enabled by default on client versions of Windows
#

---------------  S U M M A R Y ------------

Command Line: -ea -XX:+ShowCodeDetailsInExceptionMessages -Dfile.encoding=UTF-8 org.eclipse.jdt.internal.junit.runner.RemoteTestRunner -version 3 -port 60280 -testLoaderClass org.eclipse.jdt.internal.junit5.runner.JUnit5TestLoader -loaderpluginname org.eclipse.jdt.junit5.runtime -test com.mohit.demo.hospitalManagement.PatientRepositoryTest:testFindById

Host: 12th Gen Intel(R) Core(TM) i5-1240P, 16 cores, 15G,  Windows 11 , 64 bit Build 26100 (10.0.26100.7309)
Time: Sun Dec 28 21:37:04 2025 India Standard Time elapsed time: 15.498431 seconds (0d 0h 0m 15s)

---------------  T H R E A D  ---------------

Current thread (0x0000019579357780):  JavaThread "C2 CompilerThread4" daemon [_thread_in_native, id=20572, stack(0x0000003a25300000,0x0000003a25400000)]


Current CompileTask:
C2:  15498 6475       4       org.springframework.core.annotation.AnnotationsScanner::scan (21 bytes)

Stack: [0x0000003a25300000,0x0000003a25400000]
Native frames: (J=compiled Java code, j=interpreted, Vv=VM code, C=native code)
V  [jvm.dll+0x67a04a]
V  [jvm.dll+0x7da4ed]
V  [jvm.dll+0x7dbe33]
V  [jvm.dll+0x7dc4a3]
V  [jvm.dll+0x24508f]
V  [jvm.dll+0xab773]
V  [jvm.dll+0xabd3c]
V  [jvm.dll+0x361bee]
V  [jvm.dll+0x1ba64a]
V  [jvm.dll+0x216997]
V  [jvm.dll+0x215c6f]
V  [jvm.dll+0x1a2960]
V  [jvm.dll+0x22610b]
V  [jvm.dll+0x2242ab]
V  [jvm.dll+0x79075c]
V  [jvm.dll+0x78abea]
V  [jvm.dll+0x678f35]
C  [ucrtbase.dll+0x37b0]
C  [KERNEL32.DLL+0x2e8d7]
C  [ntdll.dll+0x8c53c]


---------------  P R O C E S S  ---------------

Threads class SMR info:
_java_thread_list=0x000001957a9277a0, length=19, elements={
0x000001954e43c790, 0x000001957302e580, 0x000001957302f050, 0x000001957303fd30,
0x0000019573044620, 0x0000019573044ef0, 0x00000195730457c0, 0x0000019573046c10,
0x0000019573047d70, 0x0000019573048680, 0x0000019573de50f0, 0x0000019573dfa080,
0x000001957454fbf0, 0x000001957ca4e1e0, 0x000001957c6bf1b0, 0x0000019579355cf0,
0x0000019579356ce0, 0x0000019579357230, 0x0000019579357780
}

Java Threads: ( => current thread )
  0x000001954e43c790 JavaThread "main" [_thread_in_Java, id=20096, stack(0x0000003a22a00000,0x0000003a22b00000)]
  0x000001957302e580 JavaThread "Reference Handler" daemon [_thread_blocked, id=4208, stack(0x0000003a23100000,0x0000003a23200000)]
  0x000001957302f050 JavaThread "Finalizer" daemon [_thread_blocked, id=21564, stack(0x0000003a23200000,0x0000003a23300000)]
  0x000001957303fd30 JavaThread "Signal Dispatcher" daemon [_thread_blocked, id=20856, stack(0x0000003a23300000,0x0000003a23400000)]
  0x0000019573044620 JavaThread "Attach Listener" daemon [_thread_blocked, id=4056, stack(0x0000003a23400000,0x0000003a23500000)]
  0x0000019573044ef0 JavaThread "Service Thread" daemon [_thread_blocked, id=19056, stack(0x0000003a23500000,0x0000003a23600000)]
  0x00000195730457c0 JavaThread "Monitor Deflation Thread" daemon [_thread_blocked, id=3248, stack(0x0000003a23600000,0x0000003a23700000)]
  0x0000019573046c10 JavaThread "C2 CompilerThread0" daemon [_thread_in_native, id=21144, stack(0x0000003a23700000,0x0000003a23800000)]
  0x0000019573047d70 JavaThread "C1 CompilerThread0" daemon [_thread_blocked, id=6108, stack(0x0000003a23800000,0x0000003a23900000)]
  0x0000019573048680 JavaThread "Sweeper thread" daemon [_thread_blocked, id=9568, stack(0x0000003a23900000,0x0000003a23a00000)]
  0x0000019573de50f0 JavaThread "Notification Thread" daemon [_thread_blocked, id=21540, stack(0x0000003a23d00000,0x0000003a23e00000)]
  0x0000019573dfa080 JavaThread "Common-Cleaner" daemon [_thread_blocked, id=21780, stack(0x0000003a23f00000,0x0000003a24000000)]
  0x000001957454fbf0 JavaThread "ReaderThread" [_thread_in_native, id=21372, stack(0x0000003a24200000,0x0000003a24300000)]
  0x000001957ca4e1e0 JavaThread "PostgreSQL-JDBC-Cleaner" daemon [_thread_blocked, id=16004, stack(0x0000003a25400000,0x0000003a25500000)]
  0x000001957c6bf1b0 JavaThread "HikariPool-1:housekeeper" daemon [_thread_blocked, id=19380, stack(0x0000003a25500000,0x0000003a25600000)]
  0x0000019579355cf0 JavaThread "C2 CompilerThread1" daemon [_thread_in_native, id=2356, stack(0x0000003a24000000,0x0000003a24100000)]
  0x0000019579356ce0 JavaThread "C2 CompilerThread2" daemon [_thread_in_native, id=9492, stack(0x0000003a24100000,0x0000003a24200000)]
  0x0000019579357230 JavaThread "C2 CompilerThread3" daemon [_thread_in_native, id=3112, stack(0x0000003a25200000,0x0000003a25300000)]
=>0x0000019579357780 JavaThread "C2 CompilerThread4" daemon [_thread_in_native, id=20572, stack(0x0000003a25300000,0x0000003a25400000)]

Other Threads:
  0x0000019573029640 VMThread "VM Thread" [stack: 0x0000003a23000000,0x0000003a23100000] [id=19968]
  0x000001954e8beed0 WatcherThread [stack: 0x0000003a23e00000,0x0000003a23f00000] [id=22420]
  0x000001954e8a4aa0 GCTaskThread "GC Thread#0" [stack: 0x0000003a22b00000,0x0000003a22c00000] [id=22304]
  0x00000195792da1f0 GCTaskThread "GC Thread#1" [stack: 0x0000003a24500000,0x0000003a24600000] [id=5488]
  0x0000019579308c40 GCTaskThread "GC Thread#2" [stack: 0x0000003a24600000,0x0000003a24700000] [id=8600]
  0x000001957949f140 GCTaskThread "GC Thread#3" [stack: 0x0000003a24700000,0x0000003a24800000] [id=21156]
  0x000001957949f400 GCTaskThread "GC Thread#4" [stack: 0x0000003a24800000,0x0000003a24900000] [id=19072]
  0x000001957949f6c0 GCTaskThread "GC Thread#5" [stack: 0x0000003a24900000,0x0000003a24a00000] [id=11564]
  0x000001957a281670 GCTaskThread "GC Thread#6" [stack: 0x0000003a24400000,0x0000003a24500000] [id=22264]
  0x0000019579d1e080 GCTaskThread "GC Thread#7" [stack: 0x0000003a24a00000,0x0000003a24b00000] [id=22008]
  0x000001957a1ec050 GCTaskThread "GC Thread#8" [stack: 0x0000003a24b00000,0x0000003a24c00000] [id=22224]
  0x000001957a16a570 GCTaskThread "GC Thread#9" [stack: 0x0000003a24c00000,0x0000003a24d00000] [id=19452]
  0x0000019579aa9460 GCTaskThread "GC Thread#10" [stack: 0x0000003a24d00000,0x0000003a24e00000] [id=20600]
  0x00000195797ded50 GCTaskThread "GC Thread#11" [stack: 0x0000003a24e00000,0x0000003a24f00000] [id=20808]
  0x000001957a905410 GCTaskThread "GC Thread#12" [stack: 0x0000003a24f00000,0x0000003a25000000] [id=22016]
  0x000001954e8b53d0 ConcurrentGCThread "G1 Main Marker" [stack: 0x0000003a22c00000,0x0000003a22d00000] [id=19832]
  0x000001954e8b5cf0 ConcurrentGCThread "G1 Conc#0" [stack: 0x0000003a22d00000,0x0000003a22e00000] [id=10820]
  0x000001957993e820 ConcurrentGCThread "G1 Conc#1" [stack: 0x0000003a25000000,0x0000003a25100000] [id=21836]
  0x000001957993fb60 ConcurrentGCThread "G1 Conc#2" [stack: 0x0000003a25100000,0x0000003a25200000] [id=22076]
  0x000001954e8ee020 ConcurrentGCThread "G1 Refine#0" [stack: 0x0000003a22e00000,0x0000003a22f00000] [id=15436]
  0x000001954e8ee960 ConcurrentGCThread "G1 Service" [stack: 0x0000003a22f00000,0x0000003a23000000] [id=22372]

Threads with active compile tasks:
C2 CompilerThread0    16528 6590       4       org.springframework.beans.factory.support.AbstractBeanFactory::isTypeMatch (776 bytes)
C2 CompilerThread1    16528 6531       4       org.springframework.beans.factory.annotation.AutowiredAnnotationBeanPostProcessor::findAutowiredAnnotation (63 bytes)
C2 CompilerThread2    16528 6529   !   4       org.springframework.util.ReflectionUtils::doWithMethods (189 bytes)
C2 CompilerThread3    16528 6520   !   4       org.springframework.core.annotation.AnnotationsScanner::processMethodHierarchy (276 bytes)
C2 CompilerThread4    16528 6475       4       org.springframework.core.annotation.AnnotationsScanner::scan (21 bytes)

VM state: not at safepoint (normal execution)

VM Mutex/Monitor currently owned by a thread: None

Heap address: 0x0000000705200000, size: 4014 MB, Compressed Oops mode: Zero based, Oop shift amount: 3

CDS archive(s) mapped at: [0x0000019500000000-0x0000019500bd0000-0x0000019500bd0000), size 12386304, SharedBaseAddress: 0x0000019500000000, ArchiveRelocationMode: 1.
Compressed class space mapped at: 0x0000019501000000-0x0000019541000000, reserved size: 1073741824
Narrow klass base: 0x0000019500000000, Narrow klass shift: 0, Narrow klass range: 0x100000000

GC Precious Log:
 CPUs: 16 total, 16 available
 Memory: 16052M
 Large Page Support: Disabled
 NUMA Support: Disabled
 Compressed Oops: Enabled (Zero based)
 Heap Region Size: 2M
 Heap Min Capacity: 8M
 Heap Initial Capacity: 252M
 Heap Max Capacity: 4014M
 Pre-touch: Disabled
 Parallel Workers: 13
 Concurrent Workers: 3
 Concurrent Refinement Workers: 13
 Periodic GC: Disabled

Heap:
 garbage-first heap   total 157696K, used 52468K [0x0000000705200000, 0x0000000800000000)
  region size 2048K, 11 young (22528K), 2 survivors (4096K)
 Metaspace       used 73577K, committed 74112K, reserved 1114112K
  class space    used 10781K, committed 11072K, reserved 1048576K

Heap Regions: E=young(eden), S=young(survivor), O=old, HS=humongous(starts), HC=humongous(continues), CS=collection set, F=free, OA=open archive, CA=closed archive, TAMS=top-at-mark-start (previous, next)
|   0|0x0000000705200000, 0x0000000705400000, 0x0000000705400000|100%| O|  |TAMS 0x0000000705400000, 0x0000000705200000| Untracked 
|   1|0x0000000705400000, 0x0000000705600000, 0x0000000705600000|100%| O|  |TAMS 0x0000000705600000, 0x0000000705400000| Untracked 
|   2|0x0000000705600000, 0x0000000705800000, 0x0000000705800000|100%| O|  |TAMS 0x0000000705800000, 0x0000000705600000| Untracked 
|   3|0x0000000705800000, 0x0000000705a00000, 0x0000000705a00000|100%| O|  |TAMS 0x0000000705a00000, 0x0000000705800000| Untracked 
|   4|0x0000000705a00000, 0x0000000705c00000, 0x0000000705c00000|100%| O|  |TAMS 0x0000000705c00000, 0x0000000705a00000| Untracked 
|   5|0x0000000705c00000, 0x0000000705e00000, 0x0000000705e00000|100%| O|  |TAMS 0x0000000705e00000, 0x0000000705c00000| Untracked 
|   6|0x0000000705e00000, 0x0000000706000000, 0x0000000706000000|100%| O|  |TAMS 0x0000000706000000, 0x0000000705e00000| Untracked 
|   7|0x0000000706000000, 0x0000000706200000, 0x0000000706200000|100%| O|  |TAMS 0x0000000706200000, 0x0000000706000000| Untracked 
|   8|0x0000000706200000, 0x0000000706400000, 0x0000000706400000|100%| O|  |TAMS 0x0000000706400000, 0x0000000706200000| Untracked 
|   9|0x0000000706400000, 0x0000000706600000, 0x0000000706600000|100%| O|  |TAMS 0x0000000706600000, 0x0000000706400000| Untracked 
|  10|0x0000000706600000, 0x0000000706800000, 0x0000000706800000|100%| O|  |TAMS 0x0000000706800000, 0x0000000706600000| Untracked 
|  11|0x0000000706800000, 0x0000000706a00000, 0x0000000706a00000|100%| O|  |TAMS 0x0000000706a00000, 0x0000000706800000| Untracked 
|  12|0x0000000706a00000, 0x0000000706c00000, 0x0000000706c00000|100%| O|  |TAMS 0x0000000706bafe00, 0x0000000706a00000| Untracked 
|  13|0x0000000706c00000, 0x0000000706e00000, 0x0000000706e00000|100%| O|  |TAMS 0x0000000706c00000, 0x0000000706c00000| Untracked 
|  14|0x0000000706e00000, 0x0000000707000000, 0x0000000707000000|100%| O|  |TAMS 0x0000000706e00000, 0x0000000706e00000| Untracked 
|  15|0x0000000707000000, 0x0000000707196200, 0x0000000707200000| 79%| O|  |TAMS 0x0000000707000000, 0x0000000707000000| Untracked 
|  16|0x0000000707200000, 0x0000000707200000, 0x0000000707400000|  0%| F|  |TAMS 0x0000000707200000, 0x0000000707200000| Untracked 
|  17|0x0000000707400000, 0x0000000707400000, 0x0000000707600000|  0%| F|  |TAMS 0x0000000707400000, 0x0000000707400000| Untracked 
|  18|0x0000000707600000, 0x0000000707600000, 0x0000000707800000|  0%| F|  |TAMS 0x0000000707600000, 0x0000000707600000| Untracked 
|  19|0x0000000707800000, 0x0000000707800000, 0x0000000707a00000|  0%| F|  |TAMS 0x0000000707800000, 0x0000000707800000| Untracked 
|  20|0x0000000707a00000, 0x0000000707a00000, 0x0000000707c00000|  0%| F|  |TAMS 0x0000000707a00000, 0x0000000707a00000| Untracked 
|  21|0x0000000707c00000, 0x0000000707c00000, 0x0000000707e00000|  0%| F|  |TAMS 0x0000000707c00000, 0x0000000707c00000| Untracked 
|  22|0x0000000707e00000, 0x0000000707e00000, 0x0000000708000000|  0%| F|  |TAMS 0x0000000707e00000, 0x0000000707e00000| Untracked 
|  23|0x0000000708000000, 0x0000000708000000, 0x0000000708200000|  0%| F|  |TAMS 0x0000000708000000, 0x0000000708000000| Untracked 
|  24|0x0000000708200000, 0x0000000708200000, 0x0000000708400000|  0%| F|  |TAMS 0x0000000708200000, 0x0000000708200000| Untracked 
|  25|0x0000000708400000, 0x0000000708400000, 0x0000000708600000|  0%| F|  |TAMS 0x0000000708400000, 0x0000000708400000| Untracked 
|  26|0x0000000708600000, 0x0000000708600000, 0x0000000708800000|  0%| F|  |TAMS 0x0000000708600000, 0x0000000708600000| Untracked 
|  27|0x0000000708800000, 0x0000000708800000, 0x0000000708a00000|  0%| F|  |TAMS 0x0000000708800000, 0x0000000708800000| Untracked 
|  28|0x0000000708a00000, 0x0000000708a00000, 0x0000000708c00000|  0%| F|  |TAMS 0x0000000708a00000, 0x0000000708a00000| Untracked 
|  29|0x0000000708c00000, 0x0000000708c00000, 0x0000000708e00000|  0%| F|  |TAMS 0x0000000708c00000, 0x0000000708c00000| Untracked 
|  30|0x0000000708e00000, 0x0000000708e00000, 0x0000000709000000|  0%| F|  |TAMS 0x0000000708e00000, 0x0000000708e00000| Untracked 
|  31|0x0000000709000000, 0x0000000709000000, 0x0000000709200000|  0%| F|  |TAMS 0x0000000709000000, 0x0000000709000000| Untracked 
|  32|0x0000000709200000, 0x0000000709200000, 0x0000000709400000|  0%| F|  |TAMS 0x0000000709200000, 0x0000000709200000| Untracked 
|  33|0x0000000709400000, 0x0000000709400000, 0x0000000709600000|  0%| F|  |TAMS 0x0000000709400000, 0x0000000709400000| Untracked 
|  34|0x0000000709600000, 0x00000007097a6f70, 0x0000000709800000| 82%| S|CS|TAMS 0x0000000709600000, 0x0000000709600000| Complete 
|  35|0x0000000709800000, 0x0000000709a00000, 0x0000000709a00000|100%| S|CS|TAMS 0x0000000709800000, 0x0000000709800000| Complete 
|  36|0x0000000709a00000, 0x0000000709a00000, 0x0000000709c00000|  0%| F|  |TAMS 0x0000000709a00000, 0x0000000709a00000| Untracked 
|  37|0x0000000709c00000, 0x0000000709c00000, 0x0000000709e00000|  0%| F|  |TAMS 0x0000000709c00000, 0x0000000709c00000| Untracked 
|  38|0x0000000709e00000, 0x0000000709e00000, 0x000000070a000000|  0%| F|  |TAMS 0x0000000709e00000, 0x0000000709e00000| Untracked 
|  39|0x000000070a000000, 0x000000070a000000, 0x000000070a200000|  0%| F|  |TAMS 0x000000070a000000, 0x000000070a000000| Untracked 
|  40|0x000000070a200000, 0x000000070a200000, 0x000000070a400000|  0%| F|  |TAMS 0x000000070a200000, 0x000000070a200000| Untracked 
|  41|0x000000070a400000, 0x000000070a400000, 0x000000070a600000|  0%| F|  |TAMS 0x000000070a400000, 0x000000070a400000| Untracked 
|  42|0x000000070a600000, 0x000000070a600000, 0x000000070a800000|  0%| F|  |TAMS 0x000000070a600000, 0x000000070a600000| Untracked 
|  43|0x000000070a800000, 0x000000070a800000, 0x000000070aa00000|  0%| F|  |TAMS 0x000000070a800000, 0x000000070a800000| Untracked 
|  44|0x000000070aa00000, 0x000000070aa00000, 0x000000070ac00000|  0%| F|  |TAMS 0x000000070aa00000, 0x000000070aa00000| Untracked 
|  45|0x000000070ac00000, 0x000000070ac00000, 0x000000070ae00000|  0%| F|  |TAMS 0x000000070ac00000, 0x000000070ac00000| Untracked 
|  46|0x000000070ae00000, 0x000000070ae00000, 0x000000070b000000|  0%| F|  |TAMS 0x000000070ae00000, 0x000000070ae00000| Untracked 
|  47|0x000000070b000000, 0x000000070b000000, 0x000000070b200000|  0%| F|  |TAMS 0x000000070b000000, 0x000000070b000000| Untracked 
|  48|0x000000070b200000, 0x000000070b200000, 0x000000070b400000|  0%| F|  |TAMS 0x000000070b200000, 0x000000070b200000| Untracked 
|  49|0x000000070b400000, 0x000000070b400000, 0x000000070b600000|  0%| F|  |TAMS 0x000000070b400000, 0x000000070b400000| Untracked 
|  50|0x000000070b600000, 0x000000070b600000, 0x000000070b800000|  0%| F|  |TAMS 0x000000070b600000, 0x000000070b600000| Untracked 
|  51|0x000000070b800000, 0x000000070b800000, 0x000000070ba00000|  0%| F|  |TAMS 0x000000070b800000, 0x000000070b800000| Untracked 
|  52|0x000000070ba00000, 0x000000070ba00000, 0x000000070bc00000|  0%| F|  |TAMS 0x000000070ba00000, 0x000000070ba00000| Untracked 
|  53|0x000000070bc00000, 0x000000070bc00000, 0x000000070be00000|  0%| F|  |TAMS 0x000000070bc00000, 0x000000070bc00000| Untracked 
|  54|0x000000070be00000, 0x000000070be00000, 0x000000070c000000|  0%| F|  |TAMS 0x000000070be00000, 0x000000070be00000| Untracked 
|  55|0x000000070c000000, 0x000000070c000000, 0x000000070c200000|  0%| F|  |TAMS 0x000000070c000000, 0x000000070c000000| Untracked 
|  56|0x000000070c200000, 0x000000070c200000, 0x000000070c400000|  0%| F|  |TAMS 0x000000070c200000, 0x000000070c200000| Untracked 
|  57|0x000000070c400000, 0x000000070c400000, 0x000000070c600000|  0%| F|  |TAMS 0x000000070c400000, 0x000000070c400000| Untracked 
|  58|0x000000070c600000, 0x000000070c600000, 0x000000070c800000|  0%| F|  |TAMS 0x000000070c600000, 0x000000070c600000| Untracked 
|  59|0x000000070c800000, 0x000000070c800000, 0x000000070ca00000|  0%| F|  |TAMS 0x000000070c800000, 0x000000070c800000| Untracked 
|  60|0x000000070ca00000, 0x000000070ca00000, 0x000000070cc00000|  0%| F|  |TAMS 0x000000070ca00000, 0x000000070ca00000| Untracked 
|  61|0x000000070cc00000, 0x000000070cc00000, 0x000000070ce00000|  0%| F|  |TAMS 0x000000070cc00000, 0x000000070cc00000| Untracked 
|  62|0x000000070ce00000, 0x000000070ce00000, 0x000000070d000000|  0%| F|  |TAMS 0x000000070ce00000, 0x000000070ce00000| Untracked 
|  63|0x000000070d000000, 0x000000070d000000, 0x000000070d200000|  0%| F|  |TAMS 0x000000070d000000, 0x000000070d000000| Untracked 
|  64|0x000000070d200000, 0x000000070d200000, 0x000000070d400000|  0%| F|  |TAMS 0x000000070d200000, 0x000000070d200000| Untracked 
|  65|0x000000070d400000, 0x000000070d400000, 0x000000070d600000|  0%| F|  |TAMS 0x000000070d400000, 0x000000070d400000| Untracked 
|  66|0x000000070d600000, 0x000000070d600000, 0x000000070d800000|  0%| F|  |TAMS 0x000000070d600000, 0x000000070d600000| Untracked 
|  67|0x000000070d800000, 0x000000070d800000, 0x000000070da00000|  0%| F|  |TAMS 0x000000070d800000, 0x000000070d800000| Untracked 
|  68|0x000000070da00000, 0x000000070dc00000, 0x000000070dc00000|100%| E|  |TAMS 0x000000070da00000, 0x000000070da00000| Complete 
|  69|0x000000070dc00000, 0x000000070de00000, 0x000000070de00000|100%| E|CS|TAMS 0x000000070dc00000, 0x000000070dc00000| Complete 
|  70|0x000000070de00000, 0x000000070e000000, 0x000000070e000000|100%| E|CS|TAMS 0x000000070de00000, 0x000000070de00000| Complete 
|  71|0x000000070e000000, 0x000000070e200000, 0x000000070e200000|100%| E|CS|TAMS 0x000000070e000000, 0x000000070e000000| Complete 
|  72|0x000000070e200000, 0x000000070e400000, 0x000000070e400000|100%| E|CS|TAMS 0x000000070e200000, 0x000000070e200000| Complete 
|  95|0x0000000711000000, 0x0000000711200000, 0x0000000711200000|100%| E|CS|TAMS 0x0000000711000000, 0x0000000711000000| Complete 
|  96|0x0000000711200000, 0x0000000711400000, 0x0000000711400000|100%| E|CS|TAMS 0x0000000711200000, 0x0000000711200000| Complete 
|  97|0x0000000711400000, 0x0000000711600000, 0x0000000711600000|100%| E|CS|TAMS 0x0000000711400000, 0x0000000711400000| Complete 
| 125|0x0000000714c00000, 0x0000000714e00000, 0x0000000714e00000|100%| E|CS|TAMS 0x0000000714c00000, 0x0000000714c00000| Complete 

Card table byte_map: [0x0000019567e60000,0x0000019568640000] _byte_map_base: 0x0000019564637000

Marking Bits (Prev, Next): (CMBitMap*) 0x000001954e8a4fd0, (CMBitMap*) 0x000001954e8a5010
 Prev Bits: [0x0000019568e20000, 0x000001956ccd8000)
 Next Bits: [0x000001956cce0000, 0x0000019570b98000)

Polling page: 0x000001954e8f0000

Metaspace:

Usage:
  Non-class:     61.34 MB used.
      Class:     10.53 MB used.
       Both:     71.87 MB used.

Virtual space:
  Non-class space:       64.00 MB reserved,      61.69 MB ( 96%) committed,  1 nodes.
      Class space:        1.00 GB reserved,      10.81 MB (  1%) committed,  1 nodes.
             Both:        1.06 GB reserved,      72.50 MB (  7%) committed. 

Chunk freelists:
   Non-Class:  2.04 MB
       Class:  5.09 MB
        Both:  7.14 MB

MaxMetaspaceSize: unlimited
CompressedClassSpaceSize: 1.00 GB
Initial GC threshold: 21.00 MB
Current GC threshold: 112.94 MB
CDS: on
MetaspaceReclaimPolicy: balanced
 - commit_granule_bytes: 65536.
 - commit_granule_words: 8192.
 - virtual_space_node_default_size: 8388608.
 - enlarge_chunks_in_place: 1.
 - new_chunks_are_fully_committed: 0.
 - uncommit_free_chunks: 1.
 - use_allocation_guard: 0.
 - handle_deallocations: 1.


Internal statistics:

num_allocs_failed_limit: 11.
num_arena_births: 780.
num_arena_deaths: 0.
num_vsnodes_births: 2.
num_vsnodes_deaths: 0.
num_space_committed: 1160.
num_space_uncommitted: 0.
num_chunks_returned_to_freelist: 11.
num_chunks_taken_from_freelist: 3477.
num_chunk_merges: 11.
num_chunk_splits: 2553.
num_chunks_enlarged: 2050.
num_inconsistent_stats: 0.

CodeHeap 'non-profiled nmethods': size=119168Kb used=4972Kb max_used=4972Kb free=114195Kb
 bounds [0x000001955f250000, 0x000001955f730000, 0x00000195666b0000]
CodeHeap 'profiled nmethods': size=119104Kb used=11897Kb max_used=11897Kb free=107206Kb
 bounds [0x00000195576b0000, 0x0000019558260000, 0x000001955eb00000]
CodeHeap 'non-nmethods': size=7488Kb used=1342Kb max_used=3109Kb free=6145Kb
 bounds [0x000001955eb00000, 0x000001955ee20000, 0x000001955f250000]
 total_blobs=6554 nmethods=5880 adapters=585
 compilation: enabled
              stopped_count=0, restarted_count=0
 full_count=0

Compilation events (20 events):
Event: 13.470 Thread 0x0000019573dbfb00 nmethod 6601 0x0000019558246810 code [0x00000195582469a0, 0x0000019558246aa8]
Event: 13.471 Thread 0x0000019573dbfb00 6606       3       org.springframework.data.jpa.repository.support.CrudMethodMetadataPostProcessor$CrudMethodMetadataPopulatingMethodInterceptor$$Lambda$1782/0x00000195018ddd88::matches (9 bytes)
Event: 13.471 Thread 0x0000019573dc6040 nmethod 6599 0x0000019558246b90 code [0x0000019558246e40, 0x0000019558248088]
Event: 13.471 Thread 0x0000019573dc6040 6607       3       org.springframework.data.jpa.repository.support.CrudMethodMetadataPostProcessor$CrudMethodMetadataPopulatingMethodInterceptor::lambda$1 (16 bytes)
Event: 13.471 Thread 0x0000019573dd29a0 nmethod 6602 0x0000019558248510 code [0x00000195582486c0, 0x00000195582489a8]
Event: 13.471 Thread 0x0000019573dd29a0 6608       3       org.springframework.data.repository.core.RepositoryInformationSupport::isQueryMethod (17 bytes)
Event: 13.472 Thread 0x0000019573047d70 nmethod 6600 0x0000019558248b10 code [0x0000019558248d40, 0x0000019558249798]
Event: 13.472 Thread 0x0000019573047d70 6609       3       org.springframework.data.projection.DefaultMethodInvokingMethodInterceptor$$Lambda$1785/0x00000195018df838::matches (5 bytes)
Event: 13.472 Thread 0x0000019573dd29a0 nmethod 6608 0x000001955824af10 code [0x000001955824b0e0, 0x000001955824b4f8]
Event: 13.472 Thread 0x0000019573dbfb00 nmethod 6606 0x0000019558249b90 code [0x0000019558249d80, 0x000001955824a398]
Event: 13.472 Thread 0x0000019573dc6040 nmethod 6607 0x000001955824a590 code [0x000001955824a760, 0x000001955824acf8]
Event: 13.472 Thread 0x0000019573dd29a0 6604       3       org.springframework.core.metrics.DefaultApplicationStartup::start (6 bytes)
Event: 13.472 Thread 0x0000019573dbfb00 6605       3       org.springframework.core.metrics.DefaultApplicationStartup::start (4 bytes)
Event: 13.472 Thread 0x0000019573dc6040 6603       3       org.springframework.core.metrics.DefaultApplicationStartup$DefaultStartupStep::end (1 bytes)
Event: 13.473 Thread 0x0000019573047d70 nmethod 6609 0x000001955824b690 code [0x000001955824b840, 0x000001955824bac8]
Event: 13.473 Thread 0x0000019573dd29a0 nmethod 6604 0x000001955824bc10 code [0x000001955824bda0, 0x000001955824bf18]
Event: 13.473 Thread 0x0000019573dc6040 nmethod 6603 0x000001955824c010 code [0x000001955824c1a0, 0x000001955824c2b8]
Event: 13.473 Thread 0x0000019573dbfb00 nmethod 6605 0x000001955824c390 code [0x000001955824c520, 0x000001955824c638]
Event: 13.475 Thread 0x0000019573dd29a0 6610       3       org.springframework.beans.factory.support.AbstractBeanFactory::getBean (9 bytes)
Event: 13.476 Thread 0x0000019573dd29a0 nmethod 6610 0x000001955824c710 code [0x000001955824c8c0, 0x000001955824caa8]

GC Heap History (20 events):
Event: 6.740 GC heap before
{Heap before GC invocations=13 (full 0):
 garbage-first heap   total 55296K, used 40900K [0x0000000705200000, 0x0000000800000000)
  region size 2048K, 11 young (22528K), 2 survivors (4096K)
 Metaspace       used 49409K, committed 49856K, reserved 1114112K
  class space    used 6869K, committed 7104K, reserved 1048576K
}
Event: 6.744 GC heap after
{Heap after GC invocations=14 (full 0):
 garbage-first heap   total 55296K, used 23123K [0x0000000705200000, 0x0000000800000000)
  region size 2048K, 1 young (2048K), 1 survivors (2048K)
 Metaspace       used 49409K, committed 49856K, reserved 1114112K
  class space    used 6869K, committed 7104K, reserved 1048576K
}
Event: 7.185 GC heap before
{Heap before GC invocations=14 (full 0):
 garbage-first heap   total 55296K, used 41555K [0x0000000705200000, 0x0000000800000000)
  region size 2048K, 10 young (20480K), 1 survivors (2048K)
 Metaspace       used 54647K, committed 55168K, reserved 1114112K
  class space    used 7751K, committed 8000K, reserved 1048576K
}
Event: 7.189 GC heap after
{Heap after GC invocations=15 (full 0):
 garbage-first heap   total 55296K, used 23765K [0x0000000705200000, 0x0000000800000000)
  region size 2048K, 2 young (4096K), 2 survivors (4096K)
 Metaspace       used 54647K, committed 55168K, reserved 1114112K
  class space    used 7751K, committed 8000K, reserved 1048576K
}
Event: 7.578 GC heap before
{Heap before GC invocations=15 (full 0):
 garbage-first heap   total 55296K, used 42197K [0x0000000705200000, 0x0000000800000000)
  region size 2048K, 11 young (22528K), 2 survivors (4096K)
 Metaspace       used 58314K, committed 58752K, reserved 1114112K
  class space    used 8300K, committed 8512K, reserved 1048576K
}
Event: 7.581 GC heap after
{Heap after GC invocations=16 (full 0):
 garbage-first heap   total 55296K, used 24681K [0x0000000705200000, 0x0000000800000000)
  region size 2048K, 2 young (4096K), 2 survivors (4096K)
 Metaspace       used 58314K, committed 58752K, reserved 1114112K
  class space    used 8300K, committed 8512K, reserved 1048576K
}
Event: 7.793 GC heap before
{Heap before GC invocations=16 (full 0):
 garbage-first heap   total 55296K, used 28777K [0x0000000705200000, 0x0000000800000000)
  region size 2048K, 5 young (10240K), 2 survivors (4096K)
 Metaspace       used 59660K, committed 60160K, reserved 1114112K
  class space    used 8464K, committed 8704K, reserved 1048576K
}
Event: 7.796 GC heap after
{Heap after GC invocations=17 (full 0):
 garbage-first heap   total 55296K, used 24835K [0x0000000705200000, 0x0000000800000000)
  region size 2048K, 1 young (2048K), 1 survivors (2048K)
 Metaspace       used 59660K, committed 60160K, reserved 1114112K
  class space    used 8464K, committed 8704K, reserved 1048576K
}
Event: 8.580 GC heap before
{Heap before GC invocations=18 (full 0):
 garbage-first heap   total 55296K, used 43267K [0x0000000705200000, 0x0000000800000000)
  region size 2048K, 10 young (20480K), 1 survivors (2048K)
 Metaspace       used 62048K, committed 62592K, reserved 1114112K
  class space    used 8834K, committed 9088K, reserved 1048576K
}
Event: 8.584 GC heap after
{Heap after GC invocations=19 (full 0):
 garbage-first heap   total 55296K, used 26400K [0x0000000705200000, 0x0000000800000000)
  region size 2048K, 2 young (4096K), 2 survivors (4096K)
 Metaspace       used 62048K, committed 62592K, reserved 1114112K
  class space    used 8834K, committed 9088K, reserved 1048576K
}
Event: 8.908 GC heap before
{Heap before GC invocations=19 (full 0):
 garbage-first heap   total 55296K, used 42784K [0x0000000705200000, 0x0000000800000000)
  region size 2048K, 10 young (20480K), 2 survivors (4096K)
 Metaspace       used 64840K, committed 65408K, reserved 1114112K
  class space    used 9371K, committed 9600K, reserved 1048576K
}
Event: 8.912 GC heap after
{Heap after GC invocations=20 (full 0):
 garbage-first heap   total 55296K, used 27821K [0x0000000705200000, 0x0000000800000000)
  region size 2048K, 2 young (4096K), 2 survivors (4096K)
 Metaspace       used 64840K, committed 65408K, reserved 1114112K
  class space    used 9371K, committed 9600K, reserved 1048576K
}
Event: 9.225 GC heap before
{Heap before GC invocations=20 (full 0):
 garbage-first heap   total 55296K, used 42157K [0x0000000705200000, 0x0000000800000000)
  region size 2048K, 10 young (20480K), 2 survivors (4096K)
 Metaspace       used 65968K, committed 66496K, reserved 1114112K
  class space    used 9559K, committed 9792K, reserved 1048576K
}
Event: 9.228 GC heap after
{Heap after GC invocations=21 (full 0):
 garbage-first heap   total 55296K, used 28821K [0x0000000705200000, 0x0000000800000000)
  region size 2048K, 2 young (4096K), 2 survivors (4096K)
 Metaspace       used 65968K, committed 66496K, reserved 1114112K
  class space    used 9559K, committed 9792K, reserved 1048576K
}
Event: 9.573 GC heap before
{Heap before GC invocations=21 (full 0):
 garbage-first heap   total 55296K, used 43157K [0x0000000705200000, 0x0000000800000000)
  region size 2048K, 9 young (18432K), 2 survivors (4096K)
 Metaspace       used 68661K, committed 69184K, reserved 1114112K
  class space    used 10128K, committed 10368K, reserved 1048576K
}
Event: 9.576 GC heap after
{Heap after GC invocations=22 (full 0):
 garbage-first heap   total 55296K, used 29632K [0x0000000705200000, 0x0000000800000000)
  region size 2048K, 1 young (2048K), 1 survivors (2048K)
 Metaspace       used 68661K, committed 69184K, reserved 1114112K
  class space    used 10128K, committed 10368K, reserved 1048576K
}
Event: 9.720 GC heap before
{Heap before GC invocations=23 (full 0):
 garbage-first heap   total 55296K, used 43968K [0x0000000705200000, 0x0000000800000000)
  region size 2048K, 8 young (16384K), 1 survivors (2048K)
 Metaspace       used 69035K, committed 69568K, reserved 1114112K
  class space    used 10164K, committed 10368K, reserved 1048576K
}
Event: 9.726 GC heap after
{Heap after GC invocations=24 (full 0):
 garbage-first heap   total 157696K, used 34392K [0x0000000705200000, 0x0000000800000000)
  region size 2048K, 1 young (2048K), 1 survivors (2048K)
 Metaspace       used 69035K, committed 69568K, reserved 1114112K
  class space    used 10164K, committed 10368K, reserved 1048576K
}
Event: 10.709 GC heap before
{Heap before GC invocations=24 (full 0):
 garbage-first heap   total 157696K, used 118360K [0x0000000705200000, 0x0000000800000000)
  region size 2048K, 42 young (86016K), 1 survivors (2048K)
 Metaspace       used 70915K, committed 71488K, reserved 1114112K
  class space    used 10412K, committed 10688K, reserved 1048576K
}
Event: 10.713 GC heap after
{Heap after GC invocations=25 (full 0):
 garbage-first heap   total 157696K, used 36084K [0x0000000705200000, 0x0000000800000000)
  region size 2048K, 2 young (4096K), 2 survivors (4096K)
 Metaspace       used 70915K, committed 71488K, reserved 1114112K
  class space    used 10412K, committed 10688K, reserved 1048576K
}

Deoptimization events (20 events):
Event: 10.982 Thread 0x000001954e43c790 Uncommon trap: trap_request=0xffffffde fr.pc=0x000001955f595f84 relative=0x0000000000001704
Event: 10.982 Thread 0x000001954e43c790 Uncommon trap: reason=class_check action=maybe_recompile pc=0x000001955f595f84 method=org.springframework.core.annotation.AnnotationsScanner.processMethodHierarchy(Ljava/lang/Object;[ILjava/lang/Class;Lorg/springframework/core/annotation/AnnotationsProces
Event: 10.982 Thread 0x000001954e43c790 DEOPT PACKING pc=0x000001955f595f84 sp=0x0000003a22afa960
Event: 10.982 Thread 0x000001954e43c790 DEOPT UNPACKING pc=0x000001955eb523a3 sp=0x0000003a22afa9c8 mode 2
Event: 10.983 Thread 0x000001954e43c790 Uncommon trap: trap_request=0xffffffde fr.pc=0x000001955f5cffa8 relative=0x0000000000002a28
Event: 10.983 Thread 0x000001954e43c790 Uncommon trap: reason=class_check action=maybe_recompile pc=0x000001955f5cffa8 method=org.springframework.core.annotation.AnnotationsScanner.processMethodHierarchy(Ljava/lang/Object;[ILjava/lang/Class;Lorg/springframework/core/annotation/AnnotationsProces
Event: 10.983 Thread 0x000001954e43c790 DEOPT PACKING pc=0x000001955f5cffa8 sp=0x0000003a22afab40
Event: 10.983 Thread 0x000001954e43c790 DEOPT UNPACKING pc=0x000001955eb523a3 sp=0x0000003a22afaa80 mode 2
Event: 10.983 Thread 0x000001954e43c790 Uncommon trap: trap_request=0xffffffde fr.pc=0x000001955f6f35cc relative=0x00000000000010cc
Event: 10.983 Thread 0x000001954e43c790 Uncommon trap: reason=class_check action=maybe_recompile pc=0x000001955f6f35cc method=org.springframework.core.annotation.AnnotationsScanner.processMethodAnnotations(Ljava/lang/Object;ILjava/lang/reflect/Method;Lorg/springframework/core/annotation/Annotat
Event: 10.983 Thread 0x000001954e43c790 DEOPT PACKING pc=0x000001955f6f35cc sp=0x0000003a22afa990
Event: 10.983 Thread 0x000001954e43c790 DEOPT UNPACKING pc=0x000001955eb523a3 sp=0x0000003a22afa9c8 mode 2
Event: 10.983 Thread 0x000001954e43c790 Uncommon trap: trap_request=0xffffffde fr.pc=0x000001955f6f35cc relative=0x00000000000010cc
Event: 10.983 Thread 0x000001954e43c790 Uncommon trap: reason=class_check action=maybe_recompile pc=0x000001955f6f35cc method=org.springframework.core.annotation.AnnotationsScanner.processMethodAnnotations(Ljava/lang/Object;ILjava/lang/reflect/Method;Lorg/springframework/core/annotation/Annotat
Event: 10.983 Thread 0x000001954e43c790 DEOPT PACKING pc=0x000001955f6f35cc sp=0x0000003a22afa970
Event: 10.983 Thread 0x000001954e43c790 DEOPT UNPACKING pc=0x000001955eb523a3 sp=0x0000003a22afa9a8 mode 2
Event: 11.207 Thread 0x000001954e43c790 Uncommon trap: trap_request=0xffffff45 fr.pc=0x000001955f48b184 relative=0x0000000000000884
Event: 11.207 Thread 0x000001954e43c790 Uncommon trap: reason=unstable_if action=reinterpret pc=0x000001955f48b184 method=org.springframework.beans.factory.support.DefaultSingletonBeanRegistry.getSingleton(Ljava/lang/String;Z)Ljava/lang/Object; @ 39 c2
Event: 11.207 Thread 0x000001954e43c790 DEOPT PACKING pc=0x000001955f48b184 sp=0x0000003a22afa4b0
Event: 11.207 Thread 0x000001954e43c790 DEOPT UNPACKING pc=0x000001955eb523a3 sp=0x0000003a22afa450 mode 2

Classes unloaded (0 events):
No events

Classes redefined (0 events):
No events

Internal exceptions (20 events):
Event: 8.626 Thread 0x000001954e43c790 Exception <a 'java/lang/reflect/InvocationTargetException'{0x0000000714d84640}> (0x0000000714d84640) 
thrown [s\open\src\hotspot\share\runtime\reflection.cpp, line 1121]
Event: 8.646 Thread 0x000001954e43c790 Exception <a 'java/lang/IncompatibleClassChangeError'{0x000000071140b788}: Found class java.lang.Object, but interface was expected> (0x000000071140b788) 
thrown [s\open\src\hotspot\share\interpreter\linkResolver.cpp, line 826]
Event: 9.628 Thread 0x000001954e43c790 Exception <a 'java/lang/reflect/InvocationTargetException'{0x0000000714d39258}> (0x0000000714d39258) 
thrown [s\open\src\hotspot\share\runtime\reflection.cpp, line 1121]
Event: 10.038 Thread 0x000001954e43c790 Exception <a 'java/lang/reflect/InvocationTargetException'{0x000000070ae98690}> (0x000000070ae98690) 
thrown [s\open\src\hotspot\share\runtime\reflection.cpp, line 1121]
Event: 10.040 Thread 0x000001954e43c790 Exception <a 'java/lang/reflect/InvocationTargetException'{0x000000070aea3c00}> (0x000000070aea3c00) 
thrown [s\open\src\hotspot\share\runtime\reflection.cpp, line 1121]
Event: 10.047 Thread 0x000001954e43c790 Exception <a 'java/lang/reflect/InvocationTargetException'{0x000000070aecf238}> (0x000000070aecf238) 
thrown [s\open\src\hotspot\share\runtime\reflection.cpp, line 1121]
Event: 10.064 Thread 0x000001954e43c790 Exception <a 'java/lang/reflect/InvocationTargetException'{0x000000070af07fd8}> (0x000000070af07fd8) 
thrown [s\open\src\hotspot\share\runtime\reflection.cpp, line 1121]
Event: 10.070 Thread 0x000001954e43c790 Exception <a 'java/lang/reflect/InvocationTargetException'{0x000000070af1a2f8}> (0x000000070af1a2f8) 
thrown [s\open\src\hotspot\share\runtime\reflection.cpp, line 1121]
Event: 10.130 Thread 0x000001954e43c790 Exception <a 'java/lang/reflect/InvocationTargetException'{0x000000070a740010}> (0x000000070a740010) 
thrown [s\open\src\hotspot\share\runtime\reflection.cpp, line 1121]
Event: 10.157 Thread 0x000001954e43c790 Exception <a 'java/lang/reflect/InvocationTargetException'{0x000000070a54b2d0}> (0x000000070a54b2d0) 
thrown [s\open\src\hotspot\share\runtime\reflection.cpp, line 1121]
Event: 10.209 Thread 0x000001954e43c790 Exception <a 'java/lang/NoSuchMethodError'{0x000000070a260ef0}: 'int java.lang.invoke.DirectMethodHandle$Holder.invokeStaticInit(java.lang.Object, int, java.lang.Object, java.lang.Object, java.lang.Object, java.lang.Object)'> (0x000000070a260ef0) 
thrown [s\open\src\hotspot\share\interpreter\linkResolver.cpp, line 759]
Event: 10.282 Thread 0x000001954e43c790 Exception <a 'java/lang/NoSuchMethodError'{0x000000070a3b00b0}: 'java.lang.Object java.lang.invoke.DirectMethodHandle$Holder.invokeSpecial(java.lang.Object, java.lang.Object, java.lang.Object, java.lang.Object, java.lang.Object, java.lang.Object, java.lang.Object, java.lang.Object, java.lang.Object, java.lang.Object, java.lang.Object, java.lang.Object, java.lang.Object, java.lang.Object)'> (0x000000070a3b00b0) 
thrown [s\open\src\hotspot\share\interpreter\linkResolver.cpp, line 759]
Event: 10.282 Thread 0x000001954e43c790 Exception <a 'java/lang/NoSuchMethodError'{0x000000070a3b5530}: 'java.lang.Object java.lang.invoke.Invokers$Holder.invoker(java.lang.Object, java.lang.Object, java.lang.Object, java.lang.Object, java.lang.Object, java.lang.Object, java.lang.Object, java.lang.Object, java.lang.Object, java.lang.Object, java.lang.Object, java.lang.Object, java.lang.Object, java.lang.Object)'> (0x000000070a3b5530) 
thrown [s\open\src\hotspot\share\interpreter\linkResolver.cpp, line 759]
Event: 10.283 Thread 0x000001954e43c790 Exception <a 'java/lang/NoSuchMethodError'{0x000000070a3bafd0}: 'java.lang.Object java.lang.invoke.DirectMethodHandle$Holder.invokeSpecial(java.lang.Object, java.lang.Object, java.lang.Object, java.lang.Object, java.lang.Object, java.lang.Object, java.lang.Object, java.lang.Object, java.lang.Object, java.lang.Object, java.lang.Object, java.lang.Object, java.lang.Object, java.lang.Object, java.lang.Object)'> (0x000000070a3bafd0) 
thrown [s\open\src\hotspot\share\interpreter\linkResolver.cpp, line 759]
Event: 10.804 Thread 0x000001954e43c790 Exception <a 'sun/nio/fs/WindowsException'{0x0000000714dbd570}> (0x0000000714dbd570) 
thrown [s\open\src\hotspot\share\prims\jni.cpp, line 516]
Event: 10.805 Thread 0x000001954e43c790 Exception <a 'sun/nio/fs/WindowsException'{0x0000000714dc48a8}> (0x0000000714dc48a8) 
thrown [s\open\src\hotspot\share\prims\jni.cpp, line 516]
Event: 10.825 Thread 0x000001954e43c790 Exception <a 'java/lang/NoSuchMethodError'{0x000000071145f730}: 'java.lang.Object java.lang.invoke.DirectMethodHandle$Holder.invokeVirtual(java.lang.Object, java.lang.Object, java.lang.Object, int)'> (0x000000071145f730) 
thrown [s\open\src\hotspot\share\interpreter\linkResolver.cpp, line 759]
Event: 10.926 Thread 0x000001954e43c790 Exception <a 'java/lang/NoSuchMethodError'{0x00000007113d9128}: 'java.lang.Object java.lang.invoke.DirectMethodHandle$Holder.invokeVirtual(java.lang.Object, java.lang.Object, int)'> (0x00000007113d9128) 
thrown [s\open\src\hotspot\share\interpreter\linkResolver.cpp, line 759]
Event: 11.022 Thread 0x000001954e43c790 Exception <a 'java/lang/IncompatibleClassChangeError'{0x000000070e2f2450}: Found class java.lang.Object, but interface was expected> (0x000000070e2f2450) 
thrown [s\open\src\hotspot\share\interpreter\linkResolver.cpp, line 826]
Event: 11.420 Thread 0x000001954e43c790 Exception <a 'java/lang/IncompatibleClassChangeError'{0x000000070da50488}: Found class java.lang.Object, but interface was expected> (0x000000070da50488) 
thrown [s\open\src\hotspot\share\interpreter\linkResolver.cpp, line 826]

VM Operations (20 events):
Event: 10.239 Executing VM operation: HandshakeAllThreads
Event: 10.239 Executing VM operation: HandshakeAllThreads done
Event: 10.290 Executing VM operation: HandshakeAllThreads
Event: 10.290 Executing VM operation: HandshakeAllThreads done
Event: 10.311 Executing VM operation: ICBufferFull
Event: 10.311 Executing VM operation: ICBufferFull done
Event: 10.708 Executing VM operation: G1CollectForAllocation
Event: 10.714 Executing VM operation: G1CollectForAllocation done
Event: 10.989 Executing VM operation: HandshakeAllThreads
Event: 10.989 Executing VM operation: HandshakeAllThreads done
Event: 10.989 Executing VM operation: HandshakeAllThreads
Event: 10.989 Executing VM operation: HandshakeAllThreads done
Event: 11.043 Executing VM operation: HandshakeAllThreads
Event: 11.043 Executing VM operation: HandshakeAllThreads done
Event: 11.134 Executing VM operation: HandshakeAllThreads
Event: 11.134 Executing VM operation: HandshakeAllThreads done
Event: 12.138 Executing VM operation: Cleanup
Event: 12.447 Executing VM operation: Cleanup done
Event: 14.464 Executing VM operation: Cleanup
Event: 14.464 Executing VM operation: Cleanup done

Events (20 events):
Event: 10.961 Thread 0x000001957e93d970 Thread exited: 0x000001957e93d970
Event: 10.969 loading class java/util/regex/PatternSyntaxException
Event: 10.969 loading class java/util/regex/PatternSyntaxException done
Event: 10.972 loading class java/util/Comparators$NullComparator
Event: 10.972 loading class java/util/Comparators$NullComparator done
Event: 11.056 loading class java/nio/file/TempFileHelper
Event: 11.057 loading class java/nio/file/TempFileHelper done
Event: 11.058 loading class sun/nio/fs/WindowsPath$1
Event: 11.058 loading class sun/nio/fs/WindowsPath$1 done
Event: 11.060 loading class java/io/DeleteOnExitHook
Event: 11.060 loading class java/io/DeleteOnExitHook done
Event: 11.060 loading class java/io/DeleteOnExitHook$1
Event: 11.060 loading class java/io/DeleteOnExitHook$1 done
Event: 11.331 loading class java/security/KeyStoreException
Event: 11.331 loading class java/security/KeyStoreException done
Event: 11.331 loading class java/security/UnrecoverableKeyException
Event: 11.331 loading class java/security/UnrecoverableEntryException
Event: 11.331 loading class java/security/UnrecoverableEntryException done
Event: 11.331 loading class java/security/UnrecoverableKeyException done
Event: 11.404 Thread 0x000001957a806e60 Thread exited: 0x000001957a806e60


Dynamic libraries:
0x00007ff7fa0b0000 - 0x00007ff7fa0c0000 	C:\Users\Mohit\Downloads\jdk-17.0.12_windows-x64_bin\jdk-17.0.12\bin\java.exe
0x00007ff966300000 - 0x00007ff966567000 	C:\WINDOWS\SYSTEM32\ntdll.dll
0x00007ff965ab0000 - 0x00007ff965b79000 	C:\WINDOWS\System32\KERNEL32.DLL
0x00007ff963be0000 - 0x00007ff963fcf000 	C:\WINDOWS\System32\KERNELBASE.dll
0x00007ff963450000 - 0x00007ff96359b000 	C:\WINDOWS\System32\ucrtbase.dll
0x00007ff95b2b0000 - 0x00007ff95b2c9000 	C:\Users\Mohit\Downloads\jdk-17.0.12_windows-x64_bin\jdk-17.0.12\bin\jli.dll
0x00007ff95b290000 - 0x00007ff95b2ab000 	C:\Users\Mohit\Downloads\jdk-17.0.12_windows-x64_bin\jdk-17.0.12\bin\VCRUNTIME140.dll
0x00007ff9658c0000 - 0x00007ff965974000 	C:\WINDOWS\System32\ADVAPI32.dll
0x00007ff9640a0000 - 0x00007ff964149000 	C:\WINDOWS\System32\msvcrt.dll
0x00007ff9661a0000 - 0x00007ff966246000 	C:\WINDOWS\System32\sechost.dll
0x00007ff965bd0000 - 0x00007ff965ce8000 	C:\WINDOWS\System32\RPCRT4.dll
0x00007ff965df0000 - 0x00007ff965fb5000 	C:\WINDOWS\System32\USER32.dll
0x00007ff93faa0000 - 0x00007ff93fd33000 	C:\WINDOWS\WinSxS\amd64_microsoft.windows.common-controls_6595b64144ccf1df_6.0.26100.7309_none_3e05feeae336a044\COMCTL32.dll
0x00007ff963860000 - 0x00007ff963887000 	C:\WINDOWS\System32\win32u.dll
0x00007ff964200000 - 0x00007ff96422b000 	C:\WINDOWS\System32\GDI32.dll
0x00007ff963a00000 - 0x00007ff963b2c000 	C:\WINDOWS\System32\gdi32full.dll
0x00007ff963630000 - 0x00007ff9636d3000 	C:\WINDOWS\System32\msvcp_win.dll
0x00007ff950510000 - 0x00007ff95051b000 	C:\WINDOWS\SYSTEM32\VERSION.dll
0x00007ff965a70000 - 0x00007ff965aa1000 	C:\WINDOWS\System32\IMM32.DLL
0x00007ff95d570000 - 0x00007ff95d57c000 	C:\Users\Mohit\Downloads\jdk-17.0.12_windows-x64_bin\jdk-17.0.12\bin\vcruntime140_1.dll
0x00007ff95b1d0000 - 0x00007ff95b25e000 	C:\Users\Mohit\Downloads\jdk-17.0.12_windows-x64_bin\jdk-17.0.12\bin\msvcp140.dll
0x00007ff8afda0000 - 0x00007ff8b0980000 	C:\Users\Mohit\Downloads\jdk-17.0.12_windows-x64_bin\jdk-17.0.12\bin\server\jvm.dll
0x00007ff964150000 - 0x00007ff964158000 	C:\WINDOWS\System32\PSAPI.DLL
0x00007ff959390000 - 0x00007ff9593c5000 	C:\WINDOWS\SYSTEM32\WINMM.dll
0x00007ff939280000 - 0x00007ff93928a000 	C:\WINDOWS\SYSTEM32\WSOCK32.dll
0x00007ff965840000 - 0x00007ff9658b4000 	C:\WINDOWS\System32\WS2_32.dll
0x00007ff962200000 - 0x00007ff96221b000 	C:\WINDOWS\SYSTEM32\kernel.appcore.dll
0x00007ff95d520000 - 0x00007ff95d52a000 	C:\Users\Mohit\Downloads\jdk-17.0.12_windows-x64_bin\jdk-17.0.12\bin\jimage.dll
0x00007ff960d80000 - 0x00007ff960fc2000 	C:\WINDOWS\SYSTEM32\DBGHELP.DLL
0x00007ff964430000 - 0x00007ff9647b5000 	C:\WINDOWS\System32\combase.dll
0x00007ff965990000 - 0x00007ff965a66000 	C:\WINDOWS\System32\OLEAUT32.dll
0x00007ff93e4b0000 - 0x00007ff93e4ec000 	C:\WINDOWS\SYSTEM32\dbgcore.DLL
0x00007ff963b30000 - 0x00007ff963bd5000 	C:\WINDOWS\System32\bcryptPrimitives.dll
0x00007ff95b1a0000 - 0x00007ff95b1c5000 	C:\Users\Mohit\Downloads\jdk-17.0.12_windows-x64_bin\jdk-17.0.12\bin\java.dll
0x00007ff917180000 - 0x00007ff917257000 	C:\Users\Mohit\Downloads\jdk-17.0.12_windows-x64_bin\jdk-17.0.12\bin\jsvml.dll
0x00007ff9647f0000 - 0x00007ff964f43000 	C:\WINDOWS\System32\SHELL32.dll
0x00007ff963890000 - 0x00007ff9639fa000 	C:\WINDOWS\System32\wintypes.dll
0x00007ff961020000 - 0x00007ff96187e000 	C:\WINDOWS\SYSTEM32\windows.storage.dll
0x00007ff964230000 - 0x00007ff964325000 	C:\WINDOWS\System32\SHCORE.dll
0x00007ff964160000 - 0x00007ff9641c6000 	C:\WINDOWS\System32\shlwapi.dll
0x00007ff963370000 - 0x00007ff963399000 	C:\WINDOWS\SYSTEM32\profapi.dll
0x00007ff940350000 - 0x00007ff940369000 	C:\Users\Mohit\Downloads\jdk-17.0.12_windows-x64_bin\jdk-17.0.12\bin\net.dll
0x00007ff95a0c0000 - 0x00007ff95a1e8000 	C:\WINDOWS\SYSTEM32\WINHTTP.dll
0x00007ff962770000 - 0x00007ff9627db000 	C:\WINDOWS\system32\mswsock.dll
0x00007ff940330000 - 0x00007ff940346000 	C:\Users\Mohit\Downloads\jdk-17.0.12_windows-x64_bin\jdk-17.0.12\bin\nio.dll
0x00007ff940310000 - 0x00007ff940328000 	C:\Users\Mohit\Downloads\jdk-17.0.12_windows-x64_bin\jdk-17.0.12\bin\zip.dll
0x00007ff961bc0000 - 0x00007ff961bf4000 	C:\WINDOWS\SYSTEM32\IPHLPAPI.DLL
0x00007ff9647c0000 - 0x00007ff9647ca000 	C:\WINDOWS\System32\NSI.dll
0x00007ff95b140000 - 0x00007ff95b15e000 	C:\WINDOWS\SYSTEM32\dhcpcsvc6.DLL
0x00007ff95b0e0000 - 0x00007ff95b103000 	C:\WINDOWS\SYSTEM32\dhcpcsvc.DLL
0x00007ff961c50000 - 0x00007ff961d7c000 	C:\WINDOWS\SYSTEM32\DNSAPI.dll
0x00007ff95ac10000 - 0x00007ff95ac1e000 	C:\Users\Mohit\Downloads\jdk-17.0.12_windows-x64_bin\jdk-17.0.12\bin\sunmscapi.dll
0x00007ff9636e0000 - 0x00007ff963857000 	C:\WINDOWS\System32\CRYPT32.dll
0x00007ff962c50000 - 0x00007ff962c80000 	C:\WINDOWS\SYSTEM32\ncrypt.dll
0x00007ff962c00000 - 0x00007ff962c3f000 	C:\WINDOWS\SYSTEM32\NTASN1.dll
0x00007ff962a30000 - 0x00007ff962a4b000 	C:\WINDOWS\SYSTEM32\CRYPTSP.dll
0x00007ff962160000 - 0x00007ff96219a000 	C:\WINDOWS\system32\rsaenh.dll
0x00007ff962820000 - 0x00007ff96284b000 	C:\WINDOWS\SYSTEM32\USERENV.dll
0x00007ff963340000 - 0x00007ff96336a000 	C:\WINDOWS\SYSTEM32\bcrypt.dll
0x00007ff962a50000 - 0x00007ff962a5c000 	C:\WINDOWS\SYSTEM32\CRYPTBASE.dll
0x00007ff959b80000 - 0x00007ff959b8b000 	C:\Windows\System32\rasadhlp.dll
0x00007ff95d040000 - 0x00007ff95d0c6000 	C:\WINDOWS\System32\fwpuclnt.dll
0x00007ff95a960000 - 0x00007ff95a96a000 	C:\Users\Mohit\Downloads\jdk-17.0.12_windows-x64_bin\jdk-17.0.12\bin\management.dll
0x00007ff95a950000 - 0x00007ff95a95b000 	C:\Users\Mohit\Downloads\jdk-17.0.12_windows-x64_bin\jdk-17.0.12\bin\management_ext.dll

dbghelp: loaded successfully - version: 4.0.5 - missing functions: none
symbol engine: initialized successfully - sym options: 0x614 - pdb path: .;C:\Users\Mohit\Downloads\jdk-17.0.12_windows-x64_bin\jdk-17.0.12\bin;C:\WINDOWS\SYSTEM32;C:\WINDOWS\WinSxS\amd64_microsoft.windows.common-controls_6595b64144ccf1df_6.0.26100.7309_none_3e05feeae336a044;C:\Users\Mohit\Downloads\jdk-17.0.12_windows-x64_bin\jdk-17.0.12\bin\server

VM Arguments:
jvm_args: -ea -XX:+ShowCodeDetailsInExceptionMessages -Dfile.encoding=UTF-8 
java_command: org.eclipse.jdt.internal.junit.runner.RemoteTestRunner -version 3 -port 60280 -testLoaderClass org.eclipse.jdt.internal.junit5.runner.JUnit5TestLoader -loaderpluginname org.eclipse.jdt.junit5.runtime -test com.mohit.demo.hospitalManagement.PatientRepositoryTest:testFindById
java_class_path (initial): c:\Users\Mohit\Desktop\SpringBoot\hospitalManagement\hospitalManagement\target\test-classes;c:\Users\Mohit\Desktop\SpringBoot\hospitalManagement\hospitalManagement\target\classes;c:\Users\Mohit\.m2\repository\org\springframework\boot\spring-boot-starter-web\4.0.1\spring-boot-starter-web-4.0.1.jar;c:\Users\Mohit\.m2\repository\org\springframework\boot\spring-boot-starter-jackson\4.0.1\spring-boot-starter-jackson-4.0.1.jar;c:\Users\Mohit\.m2\repository\org\springframework\boot\spring-boot-jackson\4.0.1\spring-boot-jackson-4.0.1.jar;c:\Users\Mohit\.m2\repository\tools\jackson\core\jackson-databind\3.0.3\jackson-databind-3.0.3.jar;c:\Users\Mohit\.m2\repository\com\fasterxml\jackson\core\jackson-annotations\2.20\jackson-annotations-2.20.jar;c:\Users\Mohit\.m2\repository\tools\jackson\core\jackson-core\3.0.3\jackson-core-3.0.3.jar;c:\Users\Mohit\.m2\repository\org\springframework\boot\spring-boot-starter-tomcat\4.0.1\spring-boot-starter-tomcat-4.0.1.jar;c:\Users\Mohit\.m2\repository\org\springframework\boot\spring-boot-starter-tomcat-runtime\4.0.1\spring-boot-starter-tomcat-runtime-4.0.1.jar;c:\Users\Mohit\.m2\repository\org\springframework\boot\spring-boot-web-server\4.0.1\spring-boot-web-server-4.0.1.jar;c:\Users\Mohit\.m2\repository\org\apache\tomcat\embed\tomcat-embed-core\11.0.15\tomcat-embed-core-11.0.15.jar;c:\Users\Mohit\.m2\repository\org\apache\tomcat\embed\tomcat-embed-el\11.0.15\tomcat-embed-el-11.0.15.jar;c:\Users\Mohit\.m2\repository\org\apache\tomcat\embed\tomcat-embed-websocket\11.0.15\tomcat-embed-websocket-11.0.15.jar;c:\Users\Mohit\.m2\repository\org\springframework\boot\spring-boot-tomcat\4.0.1\spring-boot-tomcat-4.0.1.jar;c:\Users\Mohit\.m2\repository\org\springframework\boot\spring-boot-http-converter\4.0.1\spring-boot-http-converter-4.0.1.jar;c:\Users\Mohit\.m2\repository\org\springframework\boot\spring-boot\4.0.1\spring-boot-4.0.1.jar;c:\Users\Mohit\.m2\repository\org\springframework\spring-context\7.0.2\spring-context-
Launcher Type: SUN_STANDARD

[Global flags]
     intx CICompilerCount                          = 12                                        {product} {ergonomic}
     uint ConcGCThreads                            = 3                                         {product} {ergonomic}
     uint G1ConcRefinementThreads                  = 13                                        {product} {ergonomic}
   size_t G1HeapRegionSize                         = 2097152                                   {product} {ergonomic}
    uintx GCDrainStackTargetSize                   = 64                                        {product} {ergonomic}
   size_t InitialHeapSize                          = 264241152                                 {product} {ergonomic}
   size_t MarkStackSize                            = 4194304                                   {product} {ergonomic}
   size_t MaxHeapSize                              = 4208984064                                {product} {ergonomic}
   size_t MaxNewSize                               = 2524971008                                {product} {ergonomic}
   size_t MinHeapDeltaBytes                        = 2097152                                   {product} {ergonomic}
   size_t MinHeapSize                              = 8388608                                   {product} {ergonomic}
    uintx NonNMethodCodeHeapSize                   = 7602480                                {pd product} {ergonomic}
    uintx NonProfiledCodeHeapSize                  = 122027880                              {pd product} {ergonomic}
    uintx ProfiledCodeHeapSize                     = 122027880                              {pd product} {ergonomic}
    uintx ReservedCodeCacheSize                    = 251658240                              {pd product} {ergonomic}
     bool SegmentedCodeCache                       = true                                      {product} {ergonomic}
     bool ShowCodeDetailsInExceptionMessages       = true                                   {manageable} {command line}
   size_t SoftMaxHeapSize                          = 4208984064                             {manageable} {ergonomic}
     bool UseCompressedClassPointers               = true                           {product lp64_product} {ergonomic}
     bool UseCompressedOops                        = true                           {product lp64_product} {ergonomic}
     bool UseG1GC                                  = true                                      {product} {ergonomic}
     bool UseLargePagesIndividualAllocation        = false                                  {pd product} {ergonomic}

Logging:
Log output configuration:
 #0: stdout all=warning uptime,level,tags
 #1: stderr all=off uptime,level,tags

Environment Variables:
JAVA_HOME=C:\Users\Mohit\Downloads\jdk-17.0.12_windows-x64_bin\jdk-17.0.12
PATH=c:\Users\Mohit\AppData\Local\Programs\cursor\resources\app\bin;C:\Program Files\Google\Chrome\Application;C:\Python312\Scripts\;C:\Python312\;D:\oracle\product\10.2.0\db_1\bin;C:\WINDOWS\system32;C:\WINDOWS;C:\WINDOWS\System32\Wbem;C:\WINDOWS\System32\WindowsPowerShell\v1.0\;C:\WINDOWS\System32\OpenSSH\;C:\MinGW\bin;C:\Program Files\dotnet\;C:\Program Files\Python311\Scripts;C:\Program Files\MongoDB\Server\7.0\bin;C:\ProgramData\chocolatey\bin;C:\Program Files\HP\HP One Agent;C:\xampp\php;C:\Program Files\MongoDB\Server\8.0\bin;C:\terraform_1.9.8_windows_386\;C:\WebDriver\;C:\Program Files\Git\cmd;C:\Users\Mohit\AppData\Roaming\Python\Python312\Scripts;C:\ngrok;C:\WINDOWS\System32\WindowsPowerSh;C:\WINDOWS\system32;C:\WINDOWS;C:\WINDOWS\System32\Wbem;C:\WINDOWS\System32\WindowsPowerShell\v1.0\;C:\WINDOWS\System32\OpenSSH\;C:\Program Files\Microsoft SQL Server\150\Tools\Binn\;C:\Program Files\nodejs\;C:\Program Files\Java\jdk-17.0.12\bin;C:\Program Files (x86)\Microsoft SQL Server\160\Tools\Binn\;C:\Program Files\Microsoft SQL Server\160\Tools\Binn\;C:\Program Files\Microsoft SQL Server\Client SDK\ODBC\170\Tools\Binn\;C:\Program Files\Microsoft SQL Server\160\DTS\Binn\;C:\Program Files\Microsoft SQL Server\170\DTS\Binn\;C:\Users\Mohit\anaconda3;C:\Users\Mohit\anaconda3\Library\mingw-w64\bin;C:\Users\Mohit\anaconda3\Library\usr\bin;C:\Users\Mohit\anaconda3\Library\bin;C:\Users\Mohit\anaconda3\Scripts;C:\Python312\Scripts\;C:\Python312\;C:\Program Files\Common Files\Oracle\Java\javapath;D:\oracle\product\10.2.0\db_1\bin;C:\WINDOWS\system32;C:\WINDOWS;C:\WINDOWS\System32\Wbem;C:\WINDOWS\System32\WindowsPowerShell\v1.0\;C:\WINDOWS\System32\OpenSSH\;C:\MinGW\bin;C:\Program Files\dotnet\;C:\Program Files\Python311\Scripts;C:\Program Files\MongoDB\Server\7.0\bin;C:\ProgramData\chocolatey\bin;C:\Program Files\HP\HP One Agent;C:\xampp\php;C:\Program Files\nodejs\;C:\Program Files\MongoDB\Server\8.0\bin;C:\terraform_1.9.8_windows_386\;C:\Program Files\Amazon\AWSCLIV2\;C:\Web
USERNAME=Mohit
OS=Windows_NT
PROCESSOR_IDENTIFIER=Intel64 Family 6 Model 154 Stepping 3, GenuineIntel



---------------  S Y S T E M  ---------------

OS:
 Windows 11 , 64 bit Build 26100 (10.0.26100.7309)
OS uptime: 0 days 3:48 hours
Hyper-V role detected

CPU: total 16 (initial active 16) (8 cores per cpu, 2 threads per core) family 6 model 154 stepping 3 microcode 0x42c, cx8, cmov, fxsr, ht, mmx, 3dnowpref, sse, sse2, sse3, ssse3, sse4.1, sse4.2, popcnt, lzcnt, tsc, tscinvbit, avx, avx2, aes, erms, clmul, bmi1, bmi2, adx, sha, fma, vzeroupper, clflush, clflushopt, clwb, hv

Memory: 4k page, system-wide physical 16052M (4740M free)
TotalPageFile size 16052M (AvailPageFile size 126M)
current process WorkingSet (physical memory assigned to process): 394M, peak: 400M
current process commit charge ("private bytes"): 470M, peak: 474M

vm_info: Java HotSpot(TM) 64-Bit Server VM (17.0.12+8-LTS-286) for windows-amd64 JRE (17.0.12+8-LTS-286), built on Jun  5 2024 06:46:59 by "mach5one" with MS VC++ 17.6 (VS2022)

END.
